<?xml version="1.0" encoding="UTF-8"?>
<!-- Generated by org.testng.reporters.JUnitXMLReporter -->
<testsuite ignored="0" hostname="SVROLP01518" failures="2" tests="94" name="Cobb SL Tests" time="8799.839" errors="0" timestamp="2022-03-15T18:03:25 EET">
  <testcase classname="Cobb_AdminManager_AccountsTest" name="testC2603" time="42.891"/>
  <testcase classname="Cobb_AdminManager_AccountsTest" name="testC2604" time="84.941"/>
  <testcase classname="Cobb_AdminManager_AccountsTest" name="testC2605" time="67.014"/>
  <testcase classname="Cobb_AdminManager_AccountsTest" name="testC2606" time="163.471"/>
  <testcase classname="Cobb_AdminManager_AccountsTest" name="testC2607" time="44.621"/>
  <testcase classname="Cobb_AdminManager_AccountsTest" name="testC2608" time="93.071"/>
  <testcase classname="Cobb_AdminManager_AccountsTest" name="testC2609" time="24.256"/>
  <testcase classname="Cobb_CalendarTest" name="testC2640" time="127.046"/>
  <testcase classname="Cobb_SharedWithMe_CanViewTest" name="testC2559" time="10.037"/>
  <testcase classname="Cobb_SharedWithMe_CanViewTest" name="testC2560" time="122.98"/>
  <testcase classname="Cobb_SharedWithMe_CanViewTest" name="testC2561" time="76.025"/>
  <testcase classname="Cobb_SharedWithMe_CanViewTest" name="testC2562" time="65.408"/>
  <testcase classname="Cobb_CollectionBuilderTest" name="testC2563" time="130.771"/>
  <testcase classname="Cobb_CollectionBuilderTest" name="testC2564" time="141.408"/>
  <testcase classname="Cobb_AdminManager_ContentTest" name="testC2598" time="45.76"/>
  <testcase classname="Cobb_AdminManager_ContentTest" name="testC2599" time="25.744"/>
  <testcase classname="Cobb_AdminManager_ContentTest" name="testC2600" time="60.805"/>
  <testcase classname="Cobb_AdminManager_ContentTest" name="testC2601" time="76.752"/>
  <testcase classname="Cobb_AdminManager_ContentTest" name="testC2602" time="128.049">
    <failure type="java.lang.AssertionError" message="expected [TestNewResource2022_03_15_15_37_01] but found [Audubon Nature Institute: Lionfish]">
      <![CDATA[java.lang.AssertionError: expected [TestNewResource2022_03_15_15_37_01] but found [Audubon Nature Institute: Lionfish]
at CSL_AdminManager_ContentTest.testAddEditRemoveSiteSpecificResource(CSL_AdminManager_ContentTest.java:228)
at Cobb_AdminManager_ContentTest.testC2602(Cobb_AdminManager_ContentTest.java:47)
at java.base/java.util.ArrayList.forEach(ArrayList.java:1540)
at com.intellij.rt.testng.IDEARemoteTestNG.run(IDEARemoteTestNG.java:66)
at com.intellij.rt.testng.RemoteTestNGStarter.main(RemoteTestNGStarter.java:110)
... Removed 30 stack frames]]>
    </failure>
  </testcase> <!-- testC2602 -->
  <testcase classname="Cobb_CurriculumManagerTest" name="testC2575" time="16.482"/>
  <testcase classname="Cobb_CurriculumManagerTest" name="testC2576" time="60.854"/>
  <testcase classname="Cobb_CurriculumManagerTest" name="testC2577" time="93.257"/>
  <testcase classname="Cobb_CurriculumManagerTest" name="testC2578" time="75.95"/>
  <testcase classname="Cobb_CurriculumManagerTest" name="testC2579" time="244.119"/>
  <testcase classname="Cobb_CurriculumManagerTest" name="testC2580" time="284.95"/>
  <testcase classname="Cobb_CurriculumManagerTest" name="testC2581" time="51.618"/>
  <testcase classname="Cobb_CurriculumManagerTest" name="testC2582" time="52.219"/>
  <testcase classname="Cobb_CurriculumManagerTest" name="testC2583" time="54.166"/>
  <testcase classname="Cobb_CurriculumManagerTest" name="testC2584" time="56.661"/>
  <testcase classname="Cobb_CurriculumManagerTest" name="testC2585" time="55.898"/>
  <testcase classname="Cobb_CurriculumManagerTest" name="testC2586" time="60.496"/>
  <testcase classname="Cobb_CurriculumManagerTest" name="testC2587" time="61.319"/>
  <testcase classname="Cobb_CurriculumManagerTest" name="testC2588" time="152.2"/>
  <testcase classname="Cobb_CurriculumManagerTest" name="testC2589" time="69.138"/>
  <testcase classname="Cobb_CurriculumManagerTest" name="testC2590" time="94.281"/>
  <testcase classname="Cobb_BrowseResourceDirectory_SubjectsTest" name="testC2610" time="32.651"/>
  <testcase classname="Cobb_BrowseResourceDirectory_SubjectsTest" name="testC2611" time="105.264"/>
  <testcase classname="Cobb_BrowseResourceDirectory_SubjectsTest" name="testC2612" time="73.921"/>
  <testcase classname="Cobb_BrowseResourceDirectory_SubjectsTest" name="testC2613" time="81.949"/>
  <testcase classname="Cobb_BrowseResourceDirectory_SubjectsTest" name="testC2614" time="75.4"/>
  <testcase classname="Cobb_BrowseResourceDirectory_SubjectsTest" name="testC2615" time="70.474"/>
  <testcase classname="Cobb_BrowseResourceDirectory_SubjectsTest" name="testC2616" time="41.555"/>
  <testcase classname="Cobb_BrowseResourceDirectory_SubjectsTest" name="testC2617" time="27.667"/>
  <testcase classname="Cobb_BrowseResourceDirectory_MainPageTest" name="testC2618" time="55.008"/>
  <testcase classname="Cobb_BrowseResourceDirectory_MainPageTest" name="testC2619" time="39.82"/>
  <testcase classname="Cobb_BrowseResourceDirectory_MainPageTest" name="testC2620" time="153.124"/>
  <testcase classname="Cobb_BrowseResourceDirectory_MainPageTest" name="testC2621" time="14.685"/>
  <testcase classname="Cobb_BrowseResourceDirectory_MainPageTest" name="testC2622" time="22.971"/>
  <testcase classname="Cobb_EditFolderTest" name="testC2625" time="30.613"/>
  <testcase classname="Cobb_EditFolderTest" name="testC2626" time="92.783"/>
  <testcase classname="Cobb_EditFolderTest" name="testC2627" time="197.266"/>
  <testcase classname="Cobb_EditFolderTest" name="testC2628" time="148.211"/>
  <testcase classname="Cobb_EditFolderTest" name="testC2629" time="40.324"/>
  <testcase classname="Cobb_HeaderTest" name="testC2623" time="33.551"/>
  <testcase classname="Cobb_HeaderTest" name="testC2624" time="51.123"/>
  <testcase classname="Cobb_PublishFolderTest" name="testC2591" time="92.562"/>
  <testcase classname="Cobb_PublishFolderTest" name="testC2592" time="119.464"/>
  <testcase classname="Cobb_PublishFolderTest" name="testC2593" time="127.753"/>
  <testcase classname="Cobb_PublishFolderTest" name="testC2594" time="137.5">
    <failure type="org.openqa.selenium.TimeoutException" message="Expected condition failed: waiting for element to no longer be visible: By.cssSelector: [class=&amp;apos;fa fa-circle-o-notch fa-spin&amp;apos;] (tried for 5 second(s) with 500 MILLISECONDS interval)
Build info: version: &amp;apos;3.9.1&amp;apos;, revision: &amp;apos;63f7b50&amp;apos;, time: &amp;apos;2018-02-07T22:25:02.294Z&amp;apos;
System info: host: &amp;apos;SVROLP01518&amp;apos;, ip: &amp;apos;192.168.100.3&amp;apos;, os.name: &amp;apos;Windows 10&amp;apos;, os.arch: &amp;apos;amd64&amp;apos;, os.version: &amp;apos;10.0&amp;apos;, java.version: &amp;apos;11.0.3&amp;apos;
Driver info: org.openqa.selenium.firefox.FirefoxDriver
Capabilities {acceptInsecureCerts: true, browserName: firefox, browserVersion: 98.0.1, javascriptEnabled: true, moz:accessibilityChecks: false, moz:buildID: 20220313140707, moz:geckodriverVersion: 0.30.0, moz:headless: true, moz:processID: 29772, moz:profile: C:\Users\teodora.vermesan\A..., moz:shutdownTimeout: 60000, moz:useNonSpecCompliantPointerOrigin: false, moz:webdriverClick: true, pageLoadStrategy: normal, platform: WINDOWS, platformName: WINDOWS, platformVersion: 10.0, proxy: Proxy(), setWindowRect: true, strictFileInteractability: false, timeouts: {implicit: 0, pageLoad: 300000, script: 30000}, unhandledPromptBehavior: dismiss and notify}
Session ID: d8c3e326-550d-47a2-8b4e-26bae7207d76">
      <![CDATA[org.openqa.selenium.TimeoutException: Expected condition failed: waiting for element to no longer be visible: By.cssSelector: [class='fa fa-circle-o-notch fa-spin'] (tried for 5 second(s) with 500 MILLISECONDS interval)
Build info: version: '3.9.1', revision: '63f7b50', time: '2018-02-07T22:25:02.294Z'
System info: host: 'SVROLP01518', ip: '192.168.100.3', os.name: 'Windows 10', os.arch: 'amd64', os.version: '10.0', java.version: '11.0.3'
Driver info: org.openqa.selenium.firefox.FirefoxDriver
Capabilities {acceptInsecureCerts: true, browserName: firefox, browserVersion: 98.0.1, javascriptEnabled: true, moz:accessibilityChecks: false, moz:buildID: 20220313140707, moz:geckodriverVersion: 0.30.0, moz:headless: true, moz:processID: 29772, moz:profile: C:\Users\teodora.vermesan\A..., moz:shutdownTimeout: 60000, moz:useNonSpecCompliantPointerOrigin: false, moz:webdriverClick: true, pageLoadStrategy: normal, platform: WINDOWS, platformName: WINDOWS, platformVersion: 10.0, proxy: Proxy(), setWindowRect: true, strictFileInteractability: false, timeouts: {implicit: 0, pageLoad: 300000, script: 30000}, unhandledPromptBehavior: dismiss and notify}
Session ID: d8c3e326-550d-47a2-8b4e-26bae7207d76
at org.openqa.selenium.support.ui.WebDriverWait.timeoutException(WebDriverWait.java:82)
at org.openqa.selenium.support.ui.FluentWait.until(FluentWait.java:231)
at com.lessonplanet.pages.LpUiBasePage.waitUntilElementIsHidden(LpUiBasePage.java:472)
at com.lessonplanet.pages.EditFolder.waitUntilPublishFolderSectionIsNotDisplayed(EditFolder.java:555)
at User_PublishFolderTest.testPublishFolders(User_PublishFolderTest.java:189)
at User_PublishFolderTest.testAddResourcesToPublishCollection(User_PublishFolderTest.java:213)
at Cobb_PublishFolderTest.testC2594(Cobb_PublishFolderTest.java:39)
at java.base/java.util.ArrayList.forEach(ArrayList.java:1540)
at com.intellij.rt.testng.IDEARemoteTestNG.run(IDEARemoteTestNG.java:66)
at com.intellij.rt.testng.RemoteTestNGStarter.main(RemoteTestNGStarter.java:110)
... Removed 24 stack frames]]>
    </failure>
  </testcase> <!-- testC2594 -->
  <testcase classname="Cobb_PublishFolderTest" name="testC2595" time="185.041"/>
  <testcase classname="Cobb_PublishFolderTest" name="testC2596" time="232.184"/>
  <testcase classname="Cobb_PublishFolderTest" name="testC2597" time="103.991"/>
  <testcase classname="Cobb_RrpSearchTest" name="testC2565" time="65.394"/>
  <testcase classname="Cobb_RrpSearchTest" name="testC2566" time="61.12"/>
  <testcase classname="Cobb_RrpSearchTest" name="testC2567" time="55.231"/>
  <testcase classname="Cobb_RrpSearchTest" name="testC2568" time="46.488"/>
  <testcase classname="Cobb_RrpSearchTest" name="testC2569" time="53.221"/>
  <testcase classname="Cobb_RrpSearchTest" name="testC2570" time="56.552"/>
  <testcase classname="Cobb_RrpSearchTest" name="testC2571" time="66.546"/>
  <testcase classname="Cobb_RrpSearchTest" name="testC2572" time="57.255"/>
  <testcase classname="Cobb_RrpSearchTest" name="testC2573" time="51.898"/>
  <testcase classname="Cobb_RrpSearchTest" name="testC2574" time="64.048"/>
  <testcase classname="Cobb_SearchTest" name="testC2630" time="73.26"/>
  <testcase classname="Cobb_SearchTest" name="testC2631" time="93.862"/>
  <testcase classname="Cobb_SearchTest" name="testC2632" time="93.709"/>
  <testcase classname="Cobb_SearchTest" name="testC2633" time="61.043"/>
  <testcase classname="Cobb_SearchTest" name="testC2634" time="49.039"/>
  <testcase classname="Cobb_SearchTest" name="testC2635" time="176.733"/>
  <testcase classname="Cobb_SearchTest" name="testC2636" time="178.343"/>
  <testcase classname="Cobb_SearchTest" name="testC2637" time="178.349"/>
  <testcase classname="Cobb_SearchTest" name="testC2638" time="36.935"/>
  <testcase classname="Cobb_SearchTest" name="testC2639" time="50.438"/>
  <testcase classname="Cobb_HomepageTest" name="testLessonp_5286" time="29.113"/>
  <testcase classname="Cobb_HomepageTest" name="testLessonp_5288" time="24.445"/>
  <testcase classname="Cobb_HomepageTest" name="testLessonp_5289" time="24.346"/>
  <testcase classname="Cobb_HomepageTest" name="testLessonp_5290" time="16.753"/>
  <testcase classname="Cobb_HomepageTest" name="testLessonp_5291" time="297.896"/>
  <testcase classname="Cobb_HomepageTest" name="testLessonp_5295" time="108.385"/>
  <testcase classname="Cobb_HomepageTest" name="testLessonp_5296" time="30.676"/>
  <testcase classname="Cobb_HomepageTest" name="testLessonp_5297" time="26.885"/>
  <testcase classname="Cobb_HomepageTest" name="testLessonp_5298" time="29.161"/>
  <testcase classname="Cobb_HomepageTest" name="testLessonp_5300" time="20.182"/>
  <testcase classname="Cobb_HomepageTest" name="testLessonp_5301" time="24.437"/>
  <testcase classname="Cobb_HomepageTest" name="testLessonp_5302" time="26.78"/>
</testsuite> <!-- Cobb SL Tests -->
