<?xml version="1.0" encoding="UTF-8"?>
<!-- Generated by org.testng.reporters.JUnitXMLReporter -->
<testsuite ignored="181" hostname="SVROLP01518" failures="8" tests="97" name="Free Member Tests" time="7555.499" errors="0" timestamp="2022-03-17T11:37:30 EET">
  <testcase classname="User_ArticlesTest" name="testC2188" time="144.894"/>
  <testcase classname="User_ArticlesTest" name="testC2189" time="37.421"/>
  <testcase classname="User_CalendarTest" name="testC2190" time="145.376"/>
  <testcase classname="User_CollectionBuilderTest" name="testC2134" time="73.528"/>
  <testcase classname="User_CollectionBuilderTest" name="testC2135" time="82.235"/>
  <testcase classname="User_CollectionPlayerTest" name="testC2191" time="49.885"/>
  <testcase classname="User_CollectionPlayerTest" name="testC2192" time="55.178"/>
  <testcase classname="User_CollectionPlayerTest" name="testC2194" time="128.051"/>
  <testcase classname="User_CurriculumManagerPageTest" name="testC2112" time="63.165"/>
  <testcase classname="User_CurriculumManagerPageTest" name="testC2113" time="63.569"/>
  <testcase classname="User_CurriculumManagerPageTest" name="testC2114" time="61.986"/>
  <testcase classname="User_CurriculumManagerPageTest" name="testC2115" time="61.01"/>
  <testcase classname="User_CurriculumManagerPageTest" name="testC2116" time="60.725"/>
  <testcase classname="User_CurriculumManagerPageTest" name="testC2117" time="61.648"/>
  <testcase classname="User_CurriculumManagerPageTest" name="testC2118" time="57.253"/>
  <testcase classname="User_CurriculumManagerPageTest" name="testC2119" time="30.873"/>
  <testcase classname="User_CurriculumManagerPageTest" name="testC2120" time="56.112"/>
  <testcase classname="User_CurriculumManagerPageTest" name="testC2121" time="19.584"/>
  <testcase classname="User_CurriculumManagerPageTest" name="testC2122" time="93.756">
    <failure type="java.lang.AssertionError" message="expected [Interactive] but found [Lesson Plan]">
      <![CDATA[java.lang.AssertionError: expected [Interactive] but found [Lesson Plan]
at User_CurriculumManagerPageTest.testFavoriteButton(User_CurriculumManagerPageTest.java:493)
at User_CurriculumManagerPageTest.testFavoriteFreeSampleResource(User_CurriculumManagerPageTest.java:836)
at User_CurriculumManagerPageTest.testFavoriteResources(User_CurriculumManagerPageTest.java:820)
at User_CurriculumManagerPageTest.testC2122(User_CurriculumManagerPageTest.java:129)
at java.base/java.util.ArrayList.forEach(ArrayList.java:1540)
at com.intellij.rt.testng.IDEARemoteTestNG.run(IDEARemoteTestNG.java:66)
at com.intellij.rt.testng.RemoteTestNGStarter.main(RemoteTestNGStarter.java:110)
... Removed 30 stack frames]]>
    </failure>
  </testcase> <!-- testC2122 -->
  <testcase classname="User_CurriculumManagerPageTest" name="testC2123" time="167.685"/>
  <testcase classname="User_CurriculumManagerPageTest" name="testC2124" time="170.466"/>
  <testcase classname="User_CurriculumManagerPageTest" name="testC2125" time="76.776"/>
  <testcase classname="User_CurriculumManagerPageTest" name="testC2126" time="124.389"/>
  <testcase classname="User_CurriculumManagerPageTest" name="testC2127" time="123.424"/>
  <testcase classname="User_CurriculumManagerPageTest" name="testC2128" time="87.576"/>
  <testcase classname="User_BrowseResourceDirectory_MainPageTest" name="testC2183" time="45.036"/>
  <testcase classname="User_BrowseResourceDirectory_MainPageTest" name="testC2184" time="44.747"/>
  <testcase classname="User_BrowseResourceDirectory_MainPageTest" name="testC2185" time="135.827"/>
  <testcase classname="User_BrowseResourceDirectory_MainPageTest" name="testC2186" time="10.845"/>
  <testcase classname="User_BrowseResourceDirectory_MainPageTest" name="testC2187" time="28.052"/>
  <testcase classname="User_BrowseResourceDirectory_SubjectsTest" name="testC2174" time="36.943"/>
  <testcase classname="User_BrowseResourceDirectory_SubjectsTest" name="testC2175" time="33.631">
    <failure type="java.lang.AssertionError" message="expected [Browse by Subject
Health
Wellness &amp;amp; Safety
Social and Emotional Learning
Growth and Development
Sex Education
Suggest a Category] but found [Browse by Subject
Health
Wellness &amp;amp; Safety
Social and Emotional Learning
Growth and Development
Sex Education]">
      <![CDATA[java.lang.AssertionError: expected [Browse by Subject
Health
Wellness & Safety
Social and Emotional Learning
Growth and Development
Sex Education
Suggest a Category] but found [Browse by Subject
Health
Wellness & Safety
Social and Emotional Learning
Growth and Development
Sex Education]
at User_BrowseResourceDirectory_SubjectsTest.testBrowseBySubject(User_BrowseResourceDirectory_SubjectsTest.java:268)
at User_BrowseResourceDirectory_SubjectsTest.testC2175(User_BrowseResourceDirectory_SubjectsTest.java:111)
at java.base/java.util.ArrayList.forEach(ArrayList.java:1540)
at com.intellij.rt.testng.IDEARemoteTestNG.run(IDEARemoteTestNG.java:66)
at com.intellij.rt.testng.RemoteTestNGStarter.main(RemoteTestNGStarter.java:110)
... Removed 30 stack frames]]>
    </failure>
  </testcase> <!-- testC2175 -->
  <testcase classname="User_BrowseResourceDirectory_SubjectsTest" name="testC2176" time="18.352"/>
  <testcase classname="User_BrowseResourceDirectory_SubjectsTest" name="testC2177" time="17.487"/>
  <testcase classname="User_BrowseResourceDirectory_SubjectsTest" name="testC2178" time="53.185"/>
  <testcase classname="User_EditFolderTest" name="testC2129" time="37.231"/>
  <testcase classname="User_EditFolderTest" name="testC2130" time="55.102">
    <failure type="java.lang.Error" message="Unable to click on webElement [[FirefoxDriver: firefox on WINDOWS (10f98eac-4250-4453-88d8-3a26245cf81f)] -&amp;gt; css selector: [class*=&amp;apos;panel-footer&amp;apos;] [href*=&amp;apos;teachers&amp;apos;]:not([class*=&amp;apos;free-sample&amp;apos;])]">
      <![CDATA[java.lang.Error: Unable to click on webElement [[FirefoxDriver: firefox on WINDOWS (10f98eac-4250-4453-88d8-3a26245cf81f)] -> css selector: [class*='panel-footer'] [href*='teachers']:not([class*='free-sample'])]
at com.lessonplanet.pages.LpUiBasePage.clickElement(LpUiBasePage.java:169)
at com.lessonplanet.pages.LpUiBasePage.openInANewTabOrClick(LpUiBasePage.java:541)
at com.lessonplanet.pages.ResourcesPage.clickOnFirstButtonOfType(ResourcesPage.java:291)
at com.lessonplanet.pages.ResourcesPage.clickOnSeeReview(ResourcesPage.java:238)
at com.lessonplanet.pages.DiscoverResourcesPage.clickOnSeeReview(DiscoverResourcesPage.java:104)
at User_CurriculumManagerPageTest.testAddRegularResourceToFolder(User_CurriculumManagerPageTest.java:672)
at User_EditFolderTest.testEditFolderAppearance(User_EditFolderTest.java:129)
at User_EditFolderTest.testC2130(User_EditFolderTest.java:53)
at java.base/java.util.ArrayList.forEach(ArrayList.java:1540)
at com.intellij.rt.testng.IDEARemoteTestNG.run(IDEARemoteTestNG.java:66)
at com.intellij.rt.testng.RemoteTestNGStarter.main(RemoteTestNGStarter.java:110)
... Removed 24 stack frames]]>
    </failure>
  </testcase> <!-- testC2130 -->
  <testcase classname="User_EditFolderTest" name="testC2131" time="122.74"/>
  <testcase classname="User_EditFolderTest" name="testC2132" time="66.392"/>
  <testcase classname="User_HeaderTest" name="testC2138" time="125.194"/>
  <testcase classname="User_HeaderTest" name="testC2139" time="36.512"/>
  <testcase classname="User_FooterTest" name="testC2139" time="12.875"/>
  <testcase classname="User_FooterTest" name="testC2140" time="58.532"/>
  <testcase classname="User_FooterTest" name="testC2141" time="41.592"/>
  <testcase classname="User_FooterTest" name="testC2142" time="34.174"/>
  <testcase classname="User_FooterTest" name="testC2143" time="27.063"/>
  <testcase classname="User_FooterTest" name="testC2144" time="17.736"/>
  <testcase classname="User_FooterTest" name="testC2145" time="12.901"/>
  <testcase classname="User_FooterTest" name="testC2146" time="15.426"/>
  <testcase classname="User_HomepageTest" name="testC2194" time="77.68"/>
  <testcase classname="User_HomepageTest" name="testC2195" time="30.575"/>
  <testcase classname="User_HomepageTest" name="testC2196" time="16.129">
    <failure type="java.lang.Error" message="Unable to click on webElement [[FirefoxDriver: firefox on WINDOWS (1ed309b8-c3e4-44f6-824e-1c6af592e5b2)] -&amp;gt; css selector: [class$=&amp;apos;lpip-learning-explorer-section&amp;apos;] [href=&amp;apos;https://www.learningexplorer.com&amp;apos;]]">
      <![CDATA[java.lang.Error: Unable to click on webElement [[FirefoxDriver: firefox on WINDOWS (1ed309b8-c3e4-44f6-824e-1c6af592e5b2)] -> css selector: [class$='lpip-learning-explorer-section'] [href='https://www.learningexplorer.com']]
at com.lessonplanet.pages.LpUiBasePage.clickElement(LpUiBasePage.java:169)
at com.lessonplanet.pages.LpUiBasePage.clickElement(LpUiBasePage.java:148)
at com.lessonplanet.pages.HomePage.clickOnLearningExplorerLearnMoreButton(HomePage.java:387)
at User_HomepageTest.testLearningExplorerArea(User_HomepageTest.java:439)
at User_HomepageTest.testC2196(User_HomepageTest.java:181)
at java.base/java.util.ArrayList.forEach(ArrayList.java:1540)
at com.intellij.rt.testng.IDEARemoteTestNG.run(IDEARemoteTestNG.java:66)
at com.intellij.rt.testng.RemoteTestNGStarter.main(RemoteTestNGStarter.java:110)
... Removed 24 stack frames]]>
    </failure>
  </testcase> <!-- testC2196 -->
  <testcase classname="User_HomepageTest" name="testC2197" time="19.876"/>
  <testcase classname="User_HomepageTest" name="testC2198" time="281.506"/>
  <testcase classname="User_HomepageTest" name="testC2199" time="20.162">
    <failure type="java.lang.Error" message="Unable to click on webElement [[FirefoxDriver: firefox on WINDOWS (f8d923f2-5fc4-4ae9-a670-052d75de32d5)] -&amp;gt; css selector: [class$=&amp;apos;lpip-hp-inspire-section&amp;apos;] [class^=&amp;apos;lpip-hp-inspire-section-option parent&amp;apos;]]">
      <![CDATA[java.lang.Error: Unable to click on webElement [[FirefoxDriver: firefox on WINDOWS (f8d923f2-5fc4-4ae9-a670-052d75de32d5)] -> css selector: [class$='lpip-hp-inspire-section'] [class^='lpip-hp-inspire-section-option parent']]
at com.lessonplanet.pages.LpUiBasePage.clickElement(LpUiBasePage.java:169)
at com.lessonplanet.pages.LpUiBasePage.clickElement(LpUiBasePage.java:148)
at com.lessonplanet.pages.HomePage.clickOnInspireParentTab(HomePage.java:467)
at User_HomepageTest.testInspireArea(User_HomepageTest.java:519)
at User_HomepageTest.testC2199(User_HomepageTest.java:226)
at java.base/java.util.ArrayList.forEach(ArrayList.java:1540)
at com.intellij.rt.testng.IDEARemoteTestNG.run(IDEARemoteTestNG.java:66)
at com.intellij.rt.testng.RemoteTestNGStarter.main(RemoteTestNGStarter.java:110)
... Removed 24 stack frames]]>
    </failure>
  </testcase> <!-- testC2199 -->
  <testcase classname="User_HomepageTest" name="testC2200" time="26.86"/>
  <testcase classname="User_HomepageTest" name="testC2201" time="18.628"/>
  <testcase classname="User_HomepageTest" name="testC2202" time="17.614"/>
  <testcase classname="User_HomepageTest" name="testC2203" time="13.584">
    <failure type="java.lang.Error" message="Unable to click on webElement [[[[FirefoxDriver: firefox on WINDOWS (0015fc7f-b6c5-4647-9a73-506696ea76ef)] -&amp;gt; css selector: [class*=&amp;apos;solution-section&amp;apos;] [href=&amp;apos;/parent-edition&amp;apos;]]] -&amp;gt; css selector: [class=&amp;apos;lpip-action-link&amp;apos;]]">
      <![CDATA[java.lang.Error: Unable to click on webElement [[[[FirefoxDriver: firefox on WINDOWS (0015fc7f-b6c5-4647-9a73-506696ea76ef)] -> css selector: [class*='solution-section'] [href='/parent-edition']]] -> css selector: [class='lpip-action-link']]
at com.lessonplanet.pages.LpUiBasePage.clickElement(LpUiBasePage.java:169)
at com.lessonplanet.pages.LpUiBasePage.clickElement(LpUiBasePage.java:207)
at com.lessonplanet.pages.HomePage.clickOnSelectSolutionForParent(HomePage.java:283)
at User_HomepageTest.testParentEdition(User_HomepageTest.java:358)
at User_HomepageTest.testC2203(User_HomepageTest.java:106)
at java.base/java.util.ArrayList.forEach(ArrayList.java:1540)
at com.intellij.rt.testng.IDEARemoteTestNG.run(IDEARemoteTestNG.java:66)
at com.intellij.rt.testng.RemoteTestNGStarter.main(RemoteTestNGStarter.java:110)
... Removed 24 stack frames]]>
    </failure>
  </testcase> <!-- testC2203 -->
  <testcase classname="User_HomepageTest" name="testC2204" time="26.3"/>
  <testcase classname="User_HomepageTest" name="testC2205" time="19.149"/>
  <testcase classname="User_HomepageTest" name="testC2206" time="15.017">
    <failure type="java.lang.AssertionError" message="expected [contact-us] but found []">
      <![CDATA[java.lang.AssertionError: expected [contact-us] but found []
at User_HomepageTest.testExploreOurSolution(User_HomepageTest.java:410)
at User_HomepageTest.testC2206(User_HomepageTest.java:151)
at java.base/java.util.ArrayList.forEach(ArrayList.java:1540)
at com.intellij.rt.testng.IDEARemoteTestNG.run(IDEARemoteTestNG.java:66)
at com.intellij.rt.testng.RemoteTestNGStarter.main(RemoteTestNGStarter.java:110)
... Removed 30 stack frames]]>
    </failure>
  </testcase> <!-- testC2206 -->
  <testcase classname="User_SearchTest" name="testC2147" time="119.399"/>
  <testcase classname="User_SearchTest" name="testC2148" time="56.331"/>
  <testcase classname="User_SearchTest" name="testC2149" time="43.475"/>
  <testcase classname="User_SearchTest" name="testC2150" time="50.422"/>
  <testcase classname="User_SearchTest" name="testC2151" time="50.586"/>
  <testcase classname="User_SearchTest" name="testC2152" time="50.504"/>
  <testcase classname="User_SearchTest" name="testC2153" time="53.273"/>
  <testcase classname="User_SearchTest" name="testC2154" time="201.622"/>
  <testcase classname="User_SearchTest" name="testC2155" time="464.975"/>
  <testcase classname="User_SearchTest" name="testC2156" time="162.362"/>
  <testcase classname="User_SearchTest" name="testC2157" time="149.727"/>
  <testcase classname="User_RrpSearchTest" name="testC2158" time="35.892"/>
  <testcase classname="User_RrpSearchTest" name="testC2159" time="33.557"/>
  <testcase classname="User_RrpSearchTest" name="testC2160" time="29.576"/>
  <testcase classname="User_RrpSearchTest" name="testC2161" time="56.002"/>
  <testcase classname="User_RrpSearchTest" name="testC2162" time="61.842"/>
  <testcase classname="User_RrpSearchTest" name="testC2163" time="69.22"/>
  <testcase classname="User_RrpSearchTest" name="testC2164" time="115.74"/>
  <testcase classname="User_RrpSearchTest" name="testC2165" time="74.471"/>
  <testcase classname="User_RrpSearchTest" name="testC2166" time="33.533"/>
  <testcase classname="User_RrpSearchTest" name="testC2167" time="35.487"/>
  <testcase classname="User_RrpSearchTest" name="testC2168" time="45.734"/>
  <testcase classname="User_RrpSearchTest" name="testC2169" time="66.911"/>
  <testcase classname="User_RrpSearchTest" name="testC2170" time="91.721"/>
  <testcase classname="User_RrpSearchTest" name="testC2171" time="113.029"/>
  <testcase classname="User_RrpSearchTest" name="testC2172" time="96.251"/>
  <testcase classname="User_RrpSearchTest" name="testC2173" time="145.648"/>
  <testcase classname="User_RrpBrowseResourceDirectoryTest" name="testC2179" time="53.275"/>
  <testcase classname="User_RrpBrowseResourceDirectoryTest" name="testC2180" time="62.53">
    <failure type="java.lang.AssertionError" message="expected [true] but found [false]">
      <![CDATA[java.lang.AssertionError: expected [true] but found [false]
at User_RrpSearchTest.testCollectionRRPOverview(User_RrpSearchTest.java:742)
at User_RrpBrowseResourceDirectoryTest.testCollectionOverview(User_RrpBrowseResourceDirectoryTest.java:255)
at User_RrpBrowseResourceDirectoryTest.testC2180(User_RrpBrowseResourceDirectoryTest.java:90)
at java.base/java.util.ArrayList.forEach(ArrayList.java:1540)
at com.intellij.rt.testng.IDEARemoteTestNG.run(IDEARemoteTestNG.java:66)
at com.intellij.rt.testng.RemoteTestNGStarter.main(RemoteTestNGStarter.java:110)
... Removed 28 stack frames]]>
    </failure>
  </testcase> <!-- testC2180 -->
  <testcase classname="User_RrpBrowseResourceDirectoryTest" name="testC2181" time="52.901"/>
  <testcase classname="User_RrpBrowseResourceDirectoryTest" name="testC2182" time="46.136"/>
  <testcase classname="User_RrpBrowseResourceDirectoryTest" name="testC3759" time="58.325"/>
  <testcase classname="User_RrpBrowseResourceDirectoryTest" name="testC3760" time="99.373"/>
  <testcase classname="User_RrpBrowseResourceDirectoryTest" name="testC3761" time="67.664"/>
  <testcase classname="User_RrpBrowseResourceDirectoryTest" name="testC3762" time="70.27"/>
  <testcase classname="User_CurriculumManagerPageTest" name="testC2225" time="0.0">
    <ignored/>
  </testcase> <!-- testC2225 -->
  <testcase classname="User_HomepageTest" name="testC2111" time="0.0">
    <ignored/>
  </testcase> <!-- testC2111 -->
  <testcase classname="User_RrpSearchTest" name="testC2086" time="0.0">
    <ignored/>
  </testcase> <!-- testC2086 -->
  <testcase classname="User_SearchTest" name="testC2084" time="0.0">
    <ignored/>
  </testcase> <!-- testC2084 -->
  <testcase classname="User_HomepageTest" name="testC2107" time="0.0">
    <ignored/>
  </testcase> <!-- testC2107 -->
  <testcase classname="User_RrpSearchTest" name="testC2280" time="0.0">
    <ignored/>
  </testcase> <!-- testC2280 -->
  <testcase classname="User_RrpBrowseResourceDirectoryTest" name="testC2065" time="0.0">
    <ignored/>
  </testcase> <!-- testC2065 -->
  <testcase classname="User_HeaderTest" name="testC2257" time="0.0">
    <ignored/>
  </testcase> <!-- testC2257 -->
  <testcase classname="User_RrpBrowseResourceDirectoryTest" name="testC3763" time="0.0">
    <ignored/>
  </testcase> <!-- testC3763 -->
  <testcase classname="User_RrpBrowseResourceDirectoryTest" name="testC2295" time="0.0">
    <ignored/>
  </testcase> <!-- testC2295 -->
  <testcase classname="User_CurriculumManagerPageTest" name="testC2239" time="0.0">
    <ignored/>
  </testcase> <!-- testC2239 -->
  <testcase classname="User_RrpSearchTest" name="testC2287" time="0.0">
    <ignored/>
  </testcase> <!-- testC2287 -->
  <testcase classname="User_CollectionBuilderTest" name="testC2255" time="0.0">
    <ignored/>
  </testcase> <!-- testC2255 -->
  <testcase classname="User_RrpSearchTest" name="testC2277" time="0.0">
    <ignored/>
  </testcase> <!-- testC2277 -->
  <testcase classname="User_BrowseResourceDirectory_MainPageTest" name="testC2058" time="0.0">
    <ignored/>
  </testcase> <!-- testC2058 -->
  <testcase classname="User_HeaderTest" name="testC2260" time="0.0">
    <ignored/>
  </testcase> <!-- testC2260 -->
  <testcase classname="User_CurriculumManagerPageTest" name="testC2231" time="0.0">
    <ignored/>
  </testcase> <!-- testC2231 -->
  <testcase classname="User_FooterTest" name="testC2053" time="0.0">
    <ignored/>
  </testcase> <!-- testC2053 -->
  <testcase classname="User_FooterTest" name="testC2266" time="0.0">
    <ignored/>
  </testcase> <!-- testC2266 -->
  <testcase classname="User_ArticlesTest" name="testC2303" time="0.0">
    <ignored/>
  </testcase> <!-- testC2303 -->
  <testcase classname="User_RrpSearchTest" name="testC2093" time="0.0">
    <ignored/>
  </testcase> <!-- testC2093 -->
  <testcase classname="User_SearchTest" name="testC2083" time="0.0">
    <ignored/>
  </testcase> <!-- testC2083 -->
  <testcase classname="User_HomepageTest" name="testC2324" time="0.0">
    <ignored/>
  </testcase> <!-- testC2324 -->
  <testcase classname="User_SearchTest" name="testC2075" time="0.0">
    <ignored/>
  </testcase> <!-- testC2075 -->
  <testcase classname="User_HomepageTest" name="testC2100" time="0.0">
    <ignored/>
  </testcase> <!-- testC2100 -->
  <testcase classname="User_SearchTest" name="testC2081" time="0.0">
    <ignored/>
  </testcase> <!-- testC2081 -->
  <testcase classname="User_RrpBrowseResourceDirectoryTest" name="testC2070" time="0.0">
    <ignored/>
  </testcase> <!-- testC2070 -->
  <testcase classname="User_EditFolderTest" name="testC2251" time="0.0">
    <ignored/>
  </testcase> <!-- testC2251 -->
  <testcase classname="User_HomepageTest" name="testC2326" time="0.0">
    <ignored/>
  </testcase> <!-- testC2326 -->
  <testcase classname="User_SearchTest" name="testC2073" time="0.0">
    <ignored/>
  </testcase> <!-- testC2073 -->
  <testcase classname="User_RrpSearchTest" name="testC2085" time="0.0">
    <ignored/>
  </testcase> <!-- testC2085 -->
  <testcase classname="User_RrpBrowseResourceDirectoryTest" name="testC2066" time="0.0">
    <ignored/>
  </testcase> <!-- testC2066 -->
  <testcase classname="User_RrpBrowseResourceDirectoryTest" name="testC2296" time="0.0">
    <ignored/>
  </testcase> <!-- testC2296 -->
  <testcase classname="User_CurriculumManagerPageTest" name="testC2226" time="0.0">
    <ignored/>
  </testcase> <!-- testC2226 -->
  <testcase classname="User_RrpBrowseResourceDirectoryTest" name="testC3764" time="0.0">
    <ignored/>
  </testcase> <!-- testC3764 -->
  <testcase classname="User_HeaderTest" name="testC2048" time="0.0">
    <ignored/>
  </testcase> <!-- testC2048 -->
  <testcase classname="User_HomepageTest" name="testC2108" time="0.0">
    <ignored/>
  </testcase> <!-- testC2108 -->
  <testcase classname="User_RrpSearchTest" name="testC2288" time="0.0">
    <ignored/>
  </testcase> <!-- testC2288 -->
  <testcase classname="User_BrowseResourceDirectory_MainPageTest" name="testC2299" time="0.0">
    <ignored/>
  </testcase> <!-- testC2299 -->
  <testcase classname="User_CurriculumManagerPageTest" name="testC2242" time="0.0">
    <ignored/>
  </testcase> <!-- testC2242 -->
  <testcase classname="User_EditFolderTest" name="testC2249" time="0.0">
    <ignored/>
  </testcase> <!-- testC2249 -->
  <testcase classname="User_BrowseResourceDirectory_MainPageTest" name="testC2057" time="0.0">
    <ignored/>
  </testcase> <!-- testC2057 -->
  <testcase classname="User_FooterTest" name="testC2052" time="0.0">
    <ignored/>
  </testcase> <!-- testC2052 -->
  <testcase classname="User_FooterTest" name="tesC2048" time="0.0">
    <ignored/>
  </testcase> <!-- tesC2048 -->
  <testcase classname="User_CollectionPlayerTest" name="testC2313" time="0.0">
    <ignored/>
  </testcase> <!-- testC2313 -->
  <testcase classname="User_FooterTest" name="testC2263" time="0.0">
    <ignored/>
  </testcase> <!-- testC2263 -->
  <testcase classname="User_CalendarTest" name="testC2305" time="0.0">
    <ignored/>
  </testcase> <!-- testC2305 -->
  <testcase classname="User_SearchTest" name="testC2274" time="0.0">
    <ignored/>
  </testcase> <!-- testC2274 -->
  <testcase classname="User_RrpSearchTest" name="testC2092" time="0.0">
    <ignored/>
  </testcase> <!-- testC2092 -->
  <testcase classname="User_HomepageTest" name="testC2325" time="0.0">
    <ignored/>
  </testcase> <!-- testC2325 -->
  <testcase classname="User_HeaderTest" name="testC2258" time="0.0">
    <ignored/>
  </testcase> <!-- testC2258 -->
  <testcase classname="User_PublishFolderTest" name="testC2213" time="0.0">
    <ignored/>
  </testcase> <!-- testC2213 -->
  <testcase classname="User_CurriculumManagerPageTest" name="testC2227" time="0.0">
    <ignored/>
  </testcase> <!-- testC2227 -->
  <testcase classname="User_SearchTest" name="testC2082" time="0.0">
    <ignored/>
  </testcase> <!-- testC2082 -->
  <testcase classname="User_HomepageTest" name="testC2323" time="0.0">
    <ignored/>
  </testcase> <!-- testC2323 -->
  <testcase classname="User_EditFolderTest" name="testC2252" time="0.0">
    <ignored/>
  </testcase> <!-- testC2252 -->
  <testcase classname="User_FooterTest" name="testC2049" time="0.0">
    <ignored/>
  </testcase> <!-- testC2049 -->
  <testcase classname="User_CollectionBuilderTest" name="testC2045" time="0.0">
    <ignored/>
  </testcase> <!-- testC2045 -->
  <testcase classname="User_EditFolderTest" name="testC2246" time="0.0">
    <ignored/>
  </testcase> <!-- testC2246 -->
  <testcase classname="User_RrpSearchTest" name="testC2090" time="0.0">
    <ignored/>
  </testcase> <!-- testC2090 -->
  <testcase classname="User_CurriculumManagerPageTest" name="testC2233" time="0.0">
    <ignored/>
  </testcase> <!-- testC2233 -->
  <testcase classname="User_BrowseResourceDirectory_MainPageTest" name="testC2298" time="0.0">
    <ignored/>
  </testcase> <!-- testC2298 -->
  <testcase classname="User_HomepageTest" name="testC2319" time="0.0">
    <ignored/>
  </testcase> <!-- testC2319 -->
  <testcase classname="User_CurriculumManagerPageTest" name="testC2243" time="0.0">
    <ignored/>
  </testcase> <!-- testC2243 -->
  <testcase classname="User_FooterTest" name="testC2051" time="0.0">
    <ignored/>
  </testcase> <!-- testC2051 -->
  <testcase classname="User_PublishFolderTest" name="tesC2214" time="0.0">
    <ignored/>
  </testcase> <!-- tesC2214 -->
  <testcase classname="User_FooterTest" name="testC2268" time="0.0">
    <ignored/>
  </testcase> <!-- testC2268 -->
  <testcase classname="User_SearchTest" name="testC2078" time="0.0">
    <ignored/>
  </testcase> <!-- testC2078 -->
  <testcase classname="User_PublishFolderTest" name="testC2216" time="0.0">
    <ignored/>
  </testcase> <!-- testC2216 -->
  <testcase classname="User_HomepageTest" name="testC2104" time="0.0">
    <ignored/>
  </testcase> <!-- testC2104 -->
  <testcase classname="User_RrpSearchTest" name="testC2285" time="0.0">
    <ignored/>
  </testcase> <!-- testC2285 -->
  <testcase classname="User_SearchTest" name="testC2275" time="0.0">
    <ignored/>
  </testcase> <!-- testC2275 -->
  <testcase classname="User_HeaderTest" name="testC2046" time="0.0">
    <ignored/>
  </testcase> <!-- testC2046 -->
  <testcase classname="User_HomepageTest" name="testC2106" time="0.0">
    <ignored/>
  </testcase> <!-- testC2106 -->
  <testcase classname="User_RrpBrowseResourceDirectoryTest" name="testC2294" time="0.0">
    <ignored/>
  </testcase> <!-- testC2294 -->
  <testcase classname="User_CurriculumManagerPageTest" name="testC2228" time="0.0">
    <ignored/>
  </testcase> <!-- testC2228 -->
  <testcase classname="User_CollectionBuilderTest" name="testC2254" time="0.0">
    <ignored/>
  </testcase> <!-- testC2254 -->
  <testcase classname="User_BrowseResourceDirectory_MainPageTest" name="testC2302" time="0.0">
    <ignored/>
  </testcase> <!-- testC2302 -->
  <testcase classname="User_CollectionPlayerTest" name="testC2310" time="0.0">
    <ignored/>
  </testcase> <!-- testC2310 -->
  <testcase classname="User_CurriculumManagerPageTest" name="testC2244" time="0.0">
    <ignored/>
  </testcase> <!-- testC2244 -->
  <testcase classname="User_CurriculumManagerPageTest" name="testC2234" time="0.0">
    <ignored/>
  </testcase> <!-- testC2234 -->
  <testcase classname="User_CurriculumManagerPageTest" name="testC2056" time="0.0">
    <ignored/>
  </testcase> <!-- testC2056 -->
  <testcase classname="User_BrowseResourceDirectory_SubjectsTest" name="testC2060" time="0.0">
    <ignored/>
  </testcase> <!-- testC2060 -->
  <testcase classname="User_BrowseResourceDirectory_SubjectsTest" name="testC2290" time="0.0">
    <ignored/>
  </testcase> <!-- testC2290 -->
  <testcase classname="User_FooterTest" name="testC2050" time="0.0">
    <ignored/>
  </testcase> <!-- testC2050 -->
  <testcase classname="User_FooterTest" name="testC2265" time="0.0">
    <ignored/>
  </testcase> <!-- testC2265 -->
  <testcase classname="User_HomepageTest" name="testC2110" time="0.0">
    <ignored/>
  </testcase> <!-- testC2110 -->
  <testcase classname="User_SearchTest" name="testC2079" time="0.0">
    <ignored/>
  </testcase> <!-- testC2079 -->
  <testcase classname="User_SearchTest" name="testC2272" time="0.0">
    <ignored/>
  </testcase> <!-- testC2272 -->
  <testcase classname="User_HomepageTest" name="testC2105" time="0.0">
    <ignored/>
  </testcase> <!-- testC2105 -->
  <testcase classname="User_RrpSearchTest" name="testC2286" time="0.0">
    <ignored/>
  </testcase> <!-- testC2286 -->
  <testcase classname="User_RrpSearchTest" name="testC2096" time="0.0">
    <ignored/>
  </testcase> <!-- testC2096 -->
  <testcase classname="User_HomepageTest" name="testC2321" time="0.0">
    <ignored/>
  </testcase> <!-- testC2321 -->
  <testcase classname="User_PublishFolderTest" name="testC2220" time="0.0">
    <ignored/>
  </testcase> <!-- testC2220 -->
  <testcase classname="User_CurriculumManagerPageTest" name="testC2229" time="0.0">
    <ignored/>
  </testcase> <!-- testC2229 -->
  <testcase classname="User_SearchTest" name="testC2080" time="0.0">
    <ignored/>
  </testcase> <!-- testC2080 -->
  <testcase classname="User_HomepageTest" name="testC2103" time="0.0">
    <ignored/>
  </testcase> <!-- testC2103 -->
  <testcase classname="User_RrpBrowseResourceDirectoryTest" name="testC2068" time="0.0">
    <ignored/>
  </testcase> <!-- testC2068 -->
  <testcase classname="User_EditFolderTest" name="testC2248" time="0.0">
    <ignored/>
  </testcase> <!-- testC2248 -->
  <testcase classname="User_CollectionPlayerTest" name="testC2311" time="0.0">
    <ignored/>
  </testcase> <!-- testC2311 -->
  <testcase classname="User_HomepageTest" name="testC2317" time="0.0">
    <ignored/>
  </testcase> <!-- testC2317 -->
  <testcase classname="User_BrowseResourceDirectory_SubjectsTest" name="testC2291" time="0.0">
    <ignored/>
  </testcase> <!-- testC2291 -->
  <testcase classname="User_CurriculumManagerPageTest" name="testC2245" time="0.0">
    <ignored/>
  </testcase> <!-- testC2245 -->
  <testcase classname="User_BrowseResourceDirectory_MainPageTest" name="testC2301" time="0.0">
    <ignored/>
  </testcase> <!-- testC2301 -->
  <testcase classname="User_BrowseResourceDirectory_SubjectsTest" name="testC2061" time="0.0">
    <ignored/>
  </testcase> <!-- testC2061 -->
  <testcase classname="User_FooterTest" name="testC2262" time="0.0">
    <ignored/>
  </testcase> <!-- testC2262 -->
  <testcase classname="User_PublishFolderTest" name="testC2218" time="0.0">
    <ignored/>
  </testcase> <!-- testC2218 -->
  <testcase classname="User_PublishFolderTest" name="testC2208" time="0.0">
    <ignored/>
  </testcase> <!-- testC2208 -->
  <testcase classname="User_PublishFolderTest" name="testC2210" time="0.0">
    <ignored/>
  </testcase> <!-- testC2210 -->
  <testcase classname="User_RrpSearchTest" name="testC2283" time="0.0">
    <ignored/>
  </testcase> <!-- testC2283 -->
  <testcase classname="User_SearchTest" name="testC2273" time="0.0">
    <ignored/>
  </testcase> <!-- testC2273 -->
  <testcase classname="User_RrpSearchTest" name="testC2281" time="0.0">
    <ignored/>
  </testcase> <!-- testC2281 -->
  <testcase classname="User_SearchTest" name="testC2271" time="0.0">
    <ignored/>
  </testcase> <!-- testC2271 -->
  <testcase classname="User_CollectionBuilderTest" name="testC2044" time="0.0">
    <ignored/>
  </testcase> <!-- testC2044 -->
  <testcase classname="User_CurriculumManagerPageTest" name="testC2236" time="0.0">
    <ignored/>
  </testcase> <!-- testC2236 -->
  <testcase classname="User_HomepageTest" name="testC2322" time="0.0">
    <ignored/>
  </testcase> <!-- testC2322 -->
  <testcase classname="User_RrpSearchTest" name="testC2278" time="0.0">
    <ignored/>
  </testcase> <!-- testC2278 -->
  <testcase classname="User_BrowseResourceDirectory_SubjectsTest" name="testC2062" time="0.0">
    <ignored/>
  </testcase> <!-- testC2062 -->
  <testcase classname="User_CollectionPlayerTest" name="testC2312" time="0.0">
    <ignored/>
  </testcase> <!-- testC2312 -->
  <testcase classname="User_HomepageTest" name="testC2318" time="0.0">
    <ignored/>
  </testcase> <!-- testC2318 -->
  <testcase classname="User_RrpSearchTest" name="testC2091" time="0.0">
    <ignored/>
  </testcase> <!-- testC2091 -->
  <testcase classname="User_BrowseResourceDirectory_SubjectsTest" name="testC2292" time="0.0">
    <ignored/>
  </testcase> <!-- testC2292 -->
  <testcase classname="User_CurriculumManagerPageTest" name="testC2222" time="0.0">
    <ignored/>
  </testcase> <!-- testC2222 -->
  <testcase classname="User_BrowseResourceDirectory_MainPageTest" name="testC2300" time="0.0">
    <ignored/>
  </testcase> <!-- testC2300 -->
  <testcase classname="User_PublishFolderTest" name="testC2207" time="0.0">
    <ignored/>
  </testcase> <!-- testC2207 -->
  <testcase classname="User_RrpSearchTest" name="testC2089" time="0.0">
    <ignored/>
  </testcase> <!-- testC2089 -->
  <testcase classname="User_FooterTest" name="testC2267" time="0.0">
    <ignored/>
  </testcase> <!-- testC2267 -->
  <testcase classname="User_RrpBrowseResourceDirectoryTest" name="testC2069" time="0.0">
    <ignored/>
  </testcase> <!-- testC2069 -->
  <testcase classname="User_HomepageTest" name="testC2099" time="0.0">
    <ignored/>
  </testcase> <!-- testC2099 -->
  <testcase classname="User_SearchTest" name="testC2076" time="0.0">
    <ignored/>
  </testcase> <!-- testC2076 -->
  <testcase classname="User_PublishFolderTest" name="testC2217" time="0.0">
    <ignored/>
  </testcase> <!-- testC2217 -->
  <testcase classname="User_SearchTest" name="testC2270" time="0.0">
    <ignored/>
  </testcase> <!-- testC2270 -->
  <testcase classname="User_RrpSearchTest" name="testC2284" time="0.0">
    <ignored/>
  </testcase> <!-- testC2284 -->
  <testcase classname="User_CurriculumManagerPageTest" name="testC2237" time="0.0">
    <ignored/>
  </testcase> <!-- testC2237 -->
  <testcase classname="User_HomepageTest" name="testC2101" time="0.0">
    <ignored/>
  </testcase> <!-- testC2101 -->
  <testcase classname="User_HomepageTest" name="testC2315" time="0.0">
    <ignored/>
  </testcase> <!-- testC2315 -->
  <testcase classname="User_RrpSearchTest" name="testC2282" time="0.0">
    <ignored/>
  </testcase> <!-- testC2282 -->
  <testcase classname="User_RrpBrowseResourceDirectoryTest" name="testC2071" time="0.0">
    <ignored/>
  </testcase> <!-- testC2071 -->
  <testcase classname="User_RrpSearchTest" name="testC2088" time="0.0">
    <ignored/>
  </testcase> <!-- testC2088 -->
  <testcase classname="User_RrpBrowseResourceDirectoryTest" name="testC2297" time="0.0">
    <ignored/>
  </testcase> <!-- testC2297 -->
  <testcase classname="User_BrowseResourceDirectory_SubjectsTest" name="testC2063" time="0.0">
    <ignored/>
  </testcase> <!-- testC2063 -->
  <testcase classname="User_HomepageTest" name="testC2109" time="0.0">
    <ignored/>
  </testcase> <!-- testC2109 -->
  <testcase classname="User_RrpSearchTest" name="testC2279" time="0.0">
    <ignored/>
  </testcase> <!-- testC2279 -->
  <testcase classname="User_BrowseResourceDirectory_SubjectsTest" name="testC2293" time="0.0">
    <ignored/>
  </testcase> <!-- testC2293 -->
  <testcase classname="User_ArticlesTest" name="testC2098" time="0.0">
    <ignored/>
  </testcase> <!-- testC2098 -->
  <testcase classname="User_CurriculumManagerPageTest" name="testC2223" time="0.0">
    <ignored/>
  </testcase> <!-- testC2223 -->
  <testcase classname="User_FooterTest" name="testC2055" time="0.0">
    <ignored/>
  </testcase> <!-- testC2055 -->
  <testcase classname="User_CollectionPlayerTest" name="testC2314" time="0.0">
    <ignored/>
  </testcase> <!-- testC2314 -->
  <testcase classname="User_BrowseResourceDirectory_SubjectsTest" name="testC2059" time="0.0">
    <ignored/>
  </testcase> <!-- testC2059 -->
  <testcase classname="User_FooterTest" name="testC2264" time="0.0">
    <ignored/>
  </testcase> <!-- testC2264 -->
  <testcase classname="User_BrowseResourceDirectory_SubjectsTest" name="testC2289" time="0.0">
    <ignored/>
  </testcase> <!-- testC2289 -->
  <testcase classname="User_SearchTest" name="testC2276" time="0.0">
    <ignored/>
  </testcase> <!-- testC2276 -->
  <testcase classname="User_CalendarTest" name="testC2043" time="0.0">
    <ignored/>
  </testcase> <!-- testC2043 -->
  <testcase classname="User_SearchTest" name="testC2077" time="0.0">
    <ignored/>
  </testcase> <!-- testC2077 -->
  <testcase classname="User_HeaderTest" name="testC2259" time="0.0">
    <ignored/>
  </testcase> <!-- testC2259 -->
  <testcase classname="User_PublishFolderTest" name="testC2212" time="0.0">
    <ignored/>
  </testcase> <!-- testC2212 -->
  <testcase classname="User_RrpSearchTest" name="testC2095" time="0.0">
    <ignored/>
  </testcase> <!-- testC2095 -->
  <testcase classname="User_RrpBrowseResourceDirectoryTest" name="testC3765" time="0.0">
    <ignored/>
  </testcase> <!-- testC3765 -->
  <testcase classname="User_HomepageTest" name="testC2316" time="0.0">
    <ignored/>
  </testcase> <!-- testC2316 -->
  <testcase classname="User_CurriculumManagerPageTest" name="testC2224" time="0.0">
    <ignored/>
  </testcase> <!-- testC2224 -->
  <testcase classname="User_HomepageTest" name="testC2320" time="0.0">
    <ignored/>
  </testcase> <!-- testC2320 -->
  <testcase classname="User_RrpSearchTest" name="testC2087" time="0.0">
    <ignored/>
  </testcase> <!-- testC2087 -->
  <testcase classname="User_HomepageTest" name="testC2102" time="0.0">
    <ignored/>
  </testcase> <!-- testC2102 -->
  <testcase classname="User_CurriculumManagerPageTest" name="testC2240" time="0.0">
    <ignored/>
  </testcase> <!-- testC2240 -->
  <testcase classname="User_EditFolderTest" name="testC2247" time="0.0">
    <ignored/>
  </testcase> <!-- testC2247 -->
  <testcase classname="User_CurriculumManagerPageTest" name="testC2230" time="0.0">
    <ignored/>
  </testcase> <!-- testC2230 -->
  <testcase classname="User_RrpBrowseResourceDirectoryTest" name="testC2067" time="0.0">
    <ignored/>
  </testcase> <!-- testC2067 -->
  <testcase classname="User_BrowseResourceDirectory_SubjectsTest" name="testC2064" time="0.0">
    <ignored/>
  </testcase> <!-- testC2064 -->
  <testcase classname="User_ArticlesTest" name="testC2097" time="0.0">
    <ignored/>
  </testcase> <!-- testC2097 -->
  <testcase classname="User_FooterTest" name="testC2054" time="0.0">
    <ignored/>
  </testcase> <!-- testC2054 -->
  <testcase classname="User_RrpBrowseResourceDirectoryTest" name="testC2072" time="0.0">
    <ignored/>
  </testcase> <!-- testC2072 -->
  <testcase classname="User_FooterTest" name="testC2261" time="0.0">
    <ignored/>
  </testcase> <!-- testC2261 -->
  <testcase classname="User_PublishFolderTest" name="testC2219" time="0.0">
    <ignored/>
  </testcase> <!-- testC2219 -->
  <testcase classname="User_SearchTest" name="testC2269" time="0.0">
    <ignored/>
  </testcase> <!-- testC2269 -->
  <testcase classname="User_ArticlesTest" name="testC2304" time="0.0">
    <ignored/>
  </testcase> <!-- testC2304 -->
  <testcase classname="User_PublishFolderTest" name="testC2209" time="0.0">
    <ignored/>
  </testcase> <!-- testC2209 -->
  <testcase classname="User_PublishFolderTest" name="testC2221" time="0.0">
    <ignored/>
  </testcase> <!-- testC2221 -->
  <testcase classname="User_PublishFolderTest" name="testC2211" time="0.0">
    <ignored/>
  </testcase> <!-- testC2211 -->
  <testcase classname="User_SearchTest" name="testC2074" time="0.0">
    <ignored/>
  </testcase> <!-- testC2074 -->
  <testcase classname="User_RrpSearchTest" name="testC2094" time="0.0">
    <ignored/>
  </testcase> <!-- testC2094 -->
  <testcase classname="User_RrpBrowseResourceDirectoryTest" name="testC3766" time="0.0">
    <ignored/>
  </testcase> <!-- testC3766 -->
</testsuite> <!-- Free Member Tests -->
