<?xml version="1.0" encoding="UTF-8"?>
<!-- Generated by org.testng.reporters.JUnitXMLReporter -->
<testsuite ignored="0" hostname="SVROLP01518" failures="6" tests="82" name="Cobb SL" time="8337.557" errors="0" timestamp="2022-02-17T19:14:55 EET">
  <testcase classname="Cobb_AdminManager_AccountsTest" name="testLessonp_5465" time="63.582"/>
  <testcase classname="Cobb_AdminManager_AccountsTest" name="testLessonp_5466" time="133.558"/>
  <testcase classname="Cobb_AdminManager_AccountsTest" name="testLessonp_5467" time="225.937"/>
  <testcase classname="Cobb_AdminManager_AccountsTest" name="testLessonp_5468" time="61.493"/>
  <testcase classname="Cobb_AdminManager_AccountsTest" name="testLessonp_5469" time="98.591"/>
  <testcase classname="Cobb_AdminManager_AccountsTest" name="testLessonp_5470" time="23.334"/>
  <testcase classname="Cobb_AdminManager_AccountsTest" name="testLessonp_5963" time="60.727"/>
  <testcase classname="Cobb_CalendarTest" name="testLessonp_5514" time="119.178"/>
  <testcase classname="Cobb_SharedWithMe_CanViewTest" name="testLessonp_6160" time="10.19"/>
  <testcase classname="Cobb_SharedWithMe_CanViewTest" name="testLessonp_6161" time="112.839"/>
  <testcase classname="Cobb_SharedWithMe_CanViewTest" name="testLessonp_6162" time="58.743"/>
  <testcase classname="Cobb_SharedWithMe_CanViewTest" name="testLessonp_6163" time="64.445"/>
  <testcase classname="Cobb_CollectionBuilderTest" name="testLessonp_4948" time="130.053"/>
  <testcase classname="Cobb_CollectionBuilderTest" name="testLessonp_4949" time="133.401"/>
  <testcase classname="Cobb_AdminManager_ContentTest" name="testLessonp_1692" time="172.165"/>
  <testcase classname="Cobb_AdminManager_ContentTest" name="testLessonp_6003" time="66.08"/>
  <testcase classname="Cobb_AdminManager_ContentTest" name="testLessonp_6004" time="84.925"/>
  <testcase classname="Cobb_AdminManager_ContentTest" name="testLessonp_6005" time="29.929"/>
  <testcase classname="Cobb_AdminManager_ContentTest" name="testLessonp_6006" time="76.716"/>
  <testcase classname="Cobb_CurriculumManagerTest" name="testLessonp_5945" time="18.647"/>
  <testcase classname="Cobb_CurriculumManagerTest" name="testLessonp_5946" time="61.81"/>
  <testcase classname="Cobb_CurriculumManagerTest" name="testLessonp_5947" time="83.361"/>
  <testcase classname="Cobb_CurriculumManagerTest" name="testLessonp_5948" time="65.549"/>
  <testcase classname="Cobb_CurriculumManagerTest" name="testLessonp_5949" time="134.235">
    <failure type="org.openqa.selenium.NoSuchElementException" message="Unable to locate element: [class*=&amp;apos;popuptext show&amp;apos;]
For documentation on this error, please visit: https://www.seleniumhq.org/exceptions/no_such_element.html
Build info: version: &amp;apos;3.141.59&amp;apos;, revision: &amp;apos;e82be7d358&amp;apos;, time: &amp;apos;2018-11-14T08:17:03&amp;apos;
System info: host: &amp;apos;SVROLP01518&amp;apos;, ip: &amp;apos;10.97.2.250&amp;apos;, os.name: &amp;apos;Windows 10&amp;apos;, os.arch: &amp;apos;amd64&amp;apos;, os.version: &amp;apos;10.0&amp;apos;, java.version: &amp;apos;11.0.3&amp;apos;
Driver info: org.openqa.selenium.firefox.FirefoxDriver
Capabilities {acceptInsecureCerts: true, browserName: firefox, browserVersion: 97.0, javascriptEnabled: true, moz:accessibilityChecks: false, moz:buildID: 20220202182137, moz:geckodriverVersion: 0.30.0, moz:headless: true, moz:processID: 26412, moz:profile: C:\Users\teodora.vermesan\A..., moz:shutdownTimeout: 60000, moz:useNonSpecCompliantPointerOrigin: false, moz:webdriverClick: true, pageLoadStrategy: normal, platform: WINDOWS, platformName: WINDOWS, platformVersion: 10.0, proxy: Proxy(), setWindowRect: true, strictFileInteractability: false, timeouts: {implicit: 0, pageLoad: 300000, script: 30000}, unhandledPromptBehavior: dismiss and notify}
Session ID: d0b4efad-75b1-4832-8153-9c7dc002e31f
*** Element info: {Using=css selector, value=[class*=&amp;apos;popuptext show&amp;apos;]}">
      <![CDATA[org.openqa.selenium.NoSuchElementException: Unable to locate element: [class*='popuptext show']
For documentation on this error, please visit: https://www.seleniumhq.org/exceptions/no_such_element.html
Build info: version: '3.141.59', revision: 'e82be7d358', time: '2018-11-14T08:17:03'
System info: host: 'SVROLP01518', ip: '10.97.2.250', os.name: 'Windows 10', os.arch: 'amd64', os.version: '10.0', java.version: '11.0.3'
Driver info: org.openqa.selenium.firefox.FirefoxDriver
Capabilities {acceptInsecureCerts: true, browserName: firefox, browserVersion: 97.0, javascriptEnabled: true, moz:accessibilityChecks: false, moz:buildID: 20220202182137, moz:geckodriverVersion: 0.30.0, moz:headless: true, moz:processID: 26412, moz:profile: C:\Users\teodora.vermesan\A..., moz:shutdownTimeout: 60000, moz:useNonSpecCompliantPointerOrigin: false, moz:webdriverClick: true, pageLoadStrategy: normal, platform: WINDOWS, platformName: WINDOWS, platformVersion: 10.0, proxy: Proxy(), setWindowRect: true, strictFileInteractability: false, timeouts: {implicit: 0, pageLoad: 300000, script: 30000}, unhandledPromptBehavior: dismiss and notify}
Session ID: d0b4efad-75b1-4832-8153-9c7dc002e31f
*** Element info: {Using=css selector, value=[class*='popuptext show']}
at org.openqa.selenium.remote.http.W3CHttpResponseCodec.createException(W3CHttpResponseCodec.java:187)
at org.openqa.selenium.remote.http.W3CHttpResponseCodec.decode(W3CHttpResponseCodec.java:122)
at org.openqa.selenium.remote.http.W3CHttpResponseCodec.decode(W3CHttpResponseCodec.java:49)
at org.openqa.selenium.remote.HttpCommandExecutor.execute(HttpCommandExecutor.java:160)
at org.openqa.selenium.remote.service.DriverCommandExecutor.execute(DriverCommandExecutor.java:83)
at org.openqa.selenium.remote.RemoteWebDriver.execute(RemoteWebDriver.java:601)
at org.openqa.selenium.remote.RemoteWebDriver.findElement(RemoteWebDriver.java:371)
at org.openqa.selenium.remote.RemoteWebDriver.findElementByCssSelector(RemoteWebDriver.java:465)
at org.openqa.selenium.By$ByCssSelector.findElement(By.java:431)
at org.openqa.selenium.remote.RemoteWebDriver.findElement(RemoteWebDriver.java:363)
at com.lessonplanet.pages.LpUiBasePage.findElement(LpUiBasePage.java:37)
at com.lessonplanet.pages.LpUiBasePage.getTextForElement(LpUiBasePage.java:215)
at com.lessonplanet.pages.CurriculumManagerPage.getPopoverText(CurriculumManagerPage.java:132)
at User_CurriculumManagerPageTest.testPlayFolderWithItems(User_CurriculumManagerPageTest.java:706)
at User_CurriculumManagerPageTest.testFolderActions(User_CurriculumManagerPageTest.java:634)
at Cobb_CurriculumManagerTest.testLessonp_5949(Cobb_CurriculumManagerTest.java:55)
at java.base/java.util.ArrayList.forEach(ArrayList.java:1540)
at com.intellij.rt.testng.IDEARemoteTestNG.run(IDEARemoteTestNG.java:66)
at com.intellij.rt.testng.RemoteTestNGStarter.main(RemoteTestNGStarter.java:110)
... Removed 27 stack frames]]>
    </failure>
  </testcase> <!-- testLessonp_5949 -->
  <testcase classname="Cobb_CurriculumManagerTest" name="testLessonp_5950" time="245.77"/>
  <testcase classname="Cobb_CurriculumManagerTest" name="testLessonp_5951" time="55.844"/>
  <testcase classname="Cobb_CurriculumManagerTest" name="testLessonp_5952" time="63.781"/>
  <testcase classname="Cobb_CurriculumManagerTest" name="testLessonp_5953" time="55.733"/>
  <testcase classname="Cobb_CurriculumManagerTest" name="testLessonp_5954" time="60.356"/>
  <testcase classname="Cobb_CurriculumManagerTest" name="testLessonp_5955" time="56.712"/>
  <testcase classname="Cobb_CurriculumManagerTest" name="testLessonp_5956" time="54.984"/>
  <testcase classname="Cobb_CurriculumManagerTest" name="testLessonp_5957" time="51.575"/>
  <testcase classname="Cobb_CurriculumManagerTest" name="testLessonp_5996" time="56.58"/>
  <testcase classname="Cobb_CurriculumManagerTest" name="testLessonp_5997" time="132.796"/>
  <testcase classname="Cobb_CurriculumManagerTest" name="testLessonp_5998" time="88.519"/>
  <testcase classname="Cobb_BrowseResourceDirectory_SubjectsTest" name="testLessonp_5902" time="39.068"/>
  <testcase classname="Cobb_BrowseResourceDirectory_SubjectsTest" name="testLessonp_5903" time="411.729">
    <failure type="org.openqa.selenium.TimeoutException" message="TimedPromise timed out after 300000 ms
Build info: version: &amp;apos;3.141.59&amp;apos;, revision: &amp;apos;e82be7d358&amp;apos;, time: &amp;apos;2018-11-14T08:17:03&amp;apos;
System info: host: &amp;apos;SVROLP01518&amp;apos;, ip: &amp;apos;10.97.2.250&amp;apos;, os.name: &amp;apos;Windows 10&amp;apos;, os.arch: &amp;apos;amd64&amp;apos;, os.version: &amp;apos;10.0&amp;apos;, java.version: &amp;apos;11.0.3&amp;apos;
Driver info: org.openqa.selenium.firefox.FirefoxDriver
Capabilities {acceptInsecureCerts: true, browserName: firefox, browserVersion: 97.0, javascriptEnabled: true, moz:accessibilityChecks: false, moz:buildID: 20220202182137, moz:geckodriverVersion: 0.30.0, moz:headless: true, moz:processID: 4124, moz:profile: C:\Users\teodora.vermesan\A..., moz:shutdownTimeout: 60000, moz:useNonSpecCompliantPointerOrigin: false, moz:webdriverClick: true, pageLoadStrategy: normal, platform: WINDOWS, platformName: WINDOWS, platformVersion: 10.0, proxy: Proxy(), setWindowRect: true, strictFileInteractability: false, timeouts: {implicit: 0, pageLoad: 300000, script: 30000}, unhandledPromptBehavior: dismiss and notify}
Session ID: ede2fa63-3998-47d5-854e-54b96d16f4af">
      <![CDATA[org.openqa.selenium.TimeoutException: TimedPromise timed out after 300000 ms
Build info: version: '3.141.59', revision: 'e82be7d358', time: '2018-11-14T08:17:03'
System info: host: 'SVROLP01518', ip: '10.97.2.250', os.name: 'Windows 10', os.arch: 'amd64', os.version: '10.0', java.version: '11.0.3'
Driver info: org.openqa.selenium.firefox.FirefoxDriver
Capabilities {acceptInsecureCerts: true, browserName: firefox, browserVersion: 97.0, javascriptEnabled: true, moz:accessibilityChecks: false, moz:buildID: 20220202182137, moz:geckodriverVersion: 0.30.0, moz:headless: true, moz:processID: 4124, moz:profile: C:\Users\teodora.vermesan\A..., moz:shutdownTimeout: 60000, moz:useNonSpecCompliantPointerOrigin: false, moz:webdriverClick: true, pageLoadStrategy: normal, platform: WINDOWS, platformName: WINDOWS, platformVersion: 10.0, proxy: Proxy(), setWindowRect: true, strictFileInteractability: false, timeouts: {implicit: 0, pageLoad: 300000, script: 30000}, unhandledPromptBehavior: dismiss and notify}
Session ID: ede2fa63-3998-47d5-854e-54b96d16f4af
at org.openqa.selenium.remote.http.W3CHttpResponseCodec.createException(W3CHttpResponseCodec.java:187)
at org.openqa.selenium.remote.http.W3CHttpResponseCodec.decode(W3CHttpResponseCodec.java:122)
at org.openqa.selenium.remote.http.W3CHttpResponseCodec.decode(W3CHttpResponseCodec.java:49)
at org.openqa.selenium.remote.HttpCommandExecutor.execute(HttpCommandExecutor.java:160)
at org.openqa.selenium.remote.service.DriverCommandExecutor.execute(DriverCommandExecutor.java:83)
at org.openqa.selenium.remote.RemoteWebDriver.execute(RemoteWebDriver.java:601)
at org.openqa.selenium.remote.RemoteWebDriver.get(RemoteWebDriver.java:325)
at com.lessonplanet.pages.LpUiBasePage.openInANewTab(LpUiBasePage.java:514)
at com.lessonplanet.pages.LpUiBasePage.openInANewTabOrClick(LpUiBasePage.java:523)
at com.lessonplanet.pages.ResourcesPage.clickFirstButtonOfType(ResourcesPage.java:292)
at com.lessonplanet.pages.ResourcesPage.clickGoToResourceForRegularResource(ResourcesPage.java:255)
at User_BrowseResourceDirectory_SubjectsTest.testResourceTiles(User_BrowseResourceDirectory_SubjectsTest.java:251)
at RSL_BrowseResourceDirectory_SubjectsTest.testResourceTiles(RSL_BrowseResourceDirectory_SubjectsTest.java:88)
at Cobb_BrowseResourceDirectory_SubjectsTest.testLessonp_5903(Cobb_BrowseResourceDirectory_SubjectsTest.java:27)
at java.base/java.util.ArrayList.forEach(ArrayList.java:1540)
at com.intellij.rt.testng.IDEARemoteTestNG.run(IDEARemoteTestNG.java:66)
at com.intellij.rt.testng.RemoteTestNGStarter.main(RemoteTestNGStarter.java:110)
... Removed 28 stack frames]]>
    </failure>
  </testcase> <!-- testLessonp_5903 -->
  <testcase classname="Cobb_BrowseResourceDirectory_SubjectsTest" name="testLessonp_5904" time="348.739">
    <failure type="org.openqa.selenium.TimeoutException" message="TimedPromise timed out after 300000 ms
Build info: version: &amp;apos;3.141.59&amp;apos;, revision: &amp;apos;e82be7d358&amp;apos;, time: &amp;apos;2018-11-14T08:17:03&amp;apos;
System info: host: &amp;apos;SVROLP01518&amp;apos;, ip: &amp;apos;10.97.2.250&amp;apos;, os.name: &amp;apos;Windows 10&amp;apos;, os.arch: &amp;apos;amd64&amp;apos;, os.version: &amp;apos;10.0&amp;apos;, java.version: &amp;apos;11.0.3&amp;apos;
Driver info: org.openqa.selenium.firefox.FirefoxDriver
Capabilities {acceptInsecureCerts: true, browserName: firefox, browserVersion: 97.0, javascriptEnabled: true, moz:accessibilityChecks: false, moz:buildID: 20220202182137, moz:geckodriverVersion: 0.30.0, moz:headless: true, moz:processID: 15076, moz:profile: C:\Users\teodora.vermesan\A..., moz:shutdownTimeout: 60000, moz:useNonSpecCompliantPointerOrigin: false, moz:webdriverClick: true, pageLoadStrategy: normal, platform: WINDOWS, platformName: WINDOWS, platformVersion: 10.0, proxy: Proxy(), setWindowRect: true, strictFileInteractability: false, timeouts: {implicit: 0, pageLoad: 300000, script: 30000}, unhandledPromptBehavior: dismiss and notify}
Session ID: 86550cb2-7752-4631-9b44-efe0f8cb85b6">
      <![CDATA[org.openqa.selenium.TimeoutException: TimedPromise timed out after 300000 ms
Build info: version: '3.141.59', revision: 'e82be7d358', time: '2018-11-14T08:17:03'
System info: host: 'SVROLP01518', ip: '10.97.2.250', os.name: 'Windows 10', os.arch: 'amd64', os.version: '10.0', java.version: '11.0.3'
Driver info: org.openqa.selenium.firefox.FirefoxDriver
Capabilities {acceptInsecureCerts: true, browserName: firefox, browserVersion: 97.0, javascriptEnabled: true, moz:accessibilityChecks: false, moz:buildID: 20220202182137, moz:geckodriverVersion: 0.30.0, moz:headless: true, moz:processID: 15076, moz:profile: C:\Users\teodora.vermesan\A..., moz:shutdownTimeout: 60000, moz:useNonSpecCompliantPointerOrigin: false, moz:webdriverClick: true, pageLoadStrategy: normal, platform: WINDOWS, platformName: WINDOWS, platformVersion: 10.0, proxy: Proxy(), setWindowRect: true, strictFileInteractability: false, timeouts: {implicit: 0, pageLoad: 300000, script: 30000}, unhandledPromptBehavior: dismiss and notify}
Session ID: 86550cb2-7752-4631-9b44-efe0f8cb85b6
at org.openqa.selenium.remote.http.W3CHttpResponseCodec.createException(W3CHttpResponseCodec.java:187)
at org.openqa.selenium.remote.http.W3CHttpResponseCodec.decode(W3CHttpResponseCodec.java:122)
at org.openqa.selenium.remote.http.W3CHttpResponseCodec.decode(W3CHttpResponseCodec.java:49)
at org.openqa.selenium.remote.HttpCommandExecutor.execute(HttpCommandExecutor.java:160)
at org.openqa.selenium.remote.service.DriverCommandExecutor.execute(DriverCommandExecutor.java:83)
at org.openqa.selenium.remote.RemoteWebDriver.execute(RemoteWebDriver.java:601)
at org.openqa.selenium.remote.RemoteWebDriver.get(RemoteWebDriver.java:325)
at com.lessonplanet.pages.LpUiBasePage.openInANewTab(LpUiBasePage.java:514)
at com.lessonplanet.pages.LpUiBasePage.openInANewTabOrClick(LpUiBasePage.java:523)
at com.lessonplanet.pages.ResourcesPage.clickFirstButtonOfType(ResourcesPage.java:292)
at com.lessonplanet.pages.ResourcesPage.clickGoToResourceForRegularResource(ResourcesPage.java:255)
at RSL_BrowseResourceDirectory_SubjectsTest.testRrpIndividualResource(RSL_BrowseResourceDirectory_SubjectsTest.java:110)
at Cobb_BrowseResourceDirectory_SubjectsTest.testLessonp_5904(Cobb_BrowseResourceDirectory_SubjectsTest.java:33)
at java.base/java.util.ArrayList.forEach(ArrayList.java:1540)
at com.intellij.rt.testng.IDEARemoteTestNG.run(IDEARemoteTestNG.java:66)
at com.intellij.rt.testng.RemoteTestNGStarter.main(RemoteTestNGStarter.java:110)
... Removed 28 stack frames]]>
    </failure>
  </testcase> <!-- testLessonp_5904 -->
  <testcase classname="Cobb_BrowseResourceDirectory_SubjectsTest" name="testLessonp_5905" time="65.548"/>
  <testcase classname="Cobb_BrowseResourceDirectory_SubjectsTest" name="testLessonp_5906" time="354.105">
    <failure type="org.openqa.selenium.TimeoutException" message="TimedPromise timed out after 300000 ms
Build info: version: &amp;apos;3.141.59&amp;apos;, revision: &amp;apos;e82be7d358&amp;apos;, time: &amp;apos;2018-11-14T08:17:03&amp;apos;
System info: host: &amp;apos;SVROLP01518&amp;apos;, ip: &amp;apos;10.97.2.250&amp;apos;, os.name: &amp;apos;Windows 10&amp;apos;, os.arch: &amp;apos;amd64&amp;apos;, os.version: &amp;apos;10.0&amp;apos;, java.version: &amp;apos;11.0.3&amp;apos;
Driver info: org.openqa.selenium.firefox.FirefoxDriver
Capabilities {acceptInsecureCerts: true, browserName: firefox, browserVersion: 97.0, javascriptEnabled: true, moz:accessibilityChecks: false, moz:buildID: 20220202182137, moz:geckodriverVersion: 0.30.0, moz:headless: true, moz:processID: 31128, moz:profile: C:\Users\teodora.vermesan\A..., moz:shutdownTimeout: 60000, moz:useNonSpecCompliantPointerOrigin: false, moz:webdriverClick: true, pageLoadStrategy: normal, platform: WINDOWS, platformName: WINDOWS, platformVersion: 10.0, proxy: Proxy(), setWindowRect: true, strictFileInteractability: false, timeouts: {implicit: 0, pageLoad: 300000, script: 30000}, unhandledPromptBehavior: dismiss and notify}
Session ID: 012fef87-7356-4fc0-b430-53ba78757e99">
      <![CDATA[org.openqa.selenium.TimeoutException: TimedPromise timed out after 300000 ms
Build info: version: '3.141.59', revision: 'e82be7d358', time: '2018-11-14T08:17:03'
System info: host: 'SVROLP01518', ip: '10.97.2.250', os.name: 'Windows 10', os.arch: 'amd64', os.version: '10.0', java.version: '11.0.3'
Driver info: org.openqa.selenium.firefox.FirefoxDriver
Capabilities {acceptInsecureCerts: true, browserName: firefox, browserVersion: 97.0, javascriptEnabled: true, moz:accessibilityChecks: false, moz:buildID: 20220202182137, moz:geckodriverVersion: 0.30.0, moz:headless: true, moz:processID: 31128, moz:profile: C:\Users\teodora.vermesan\A..., moz:shutdownTimeout: 60000, moz:useNonSpecCompliantPointerOrigin: false, moz:webdriverClick: true, pageLoadStrategy: normal, platform: WINDOWS, platformName: WINDOWS, platformVersion: 10.0, proxy: Proxy(), setWindowRect: true, strictFileInteractability: false, timeouts: {implicit: 0, pageLoad: 300000, script: 30000}, unhandledPromptBehavior: dismiss and notify}
Session ID: 012fef87-7356-4fc0-b430-53ba78757e99
at org.openqa.selenium.remote.http.W3CHttpResponseCodec.createException(W3CHttpResponseCodec.java:187)
at org.openqa.selenium.remote.http.W3CHttpResponseCodec.decode(W3CHttpResponseCodec.java:122)
at org.openqa.selenium.remote.http.W3CHttpResponseCodec.decode(W3CHttpResponseCodec.java:49)
at org.openqa.selenium.remote.HttpCommandExecutor.execute(HttpCommandExecutor.java:160)
at org.openqa.selenium.remote.service.DriverCommandExecutor.execute(DriverCommandExecutor.java:83)
at org.openqa.selenium.remote.RemoteWebDriver.execute(RemoteWebDriver.java:601)
at org.openqa.selenium.remote.RemoteWebDriver.get(RemoteWebDriver.java:325)
at com.lessonplanet.pages.LpUiBasePage.openInANewTab(LpUiBasePage.java:514)
at com.lessonplanet.pages.LpUiBasePage.openInANewTabOrClick(LpUiBasePage.java:523)
at com.lessonplanet.pages.ResourcesPage.clickFirstButtonOfType(ResourcesPage.java:292)
at com.lessonplanet.pages.ResourcesPage.clickGoToResourceForRegularResource(ResourcesPage.java:255)
at RSL_BrowseResourceDirectory_SubjectsTest.testRrpIndividualResource(RSL_BrowseResourceDirectory_SubjectsTest.java:110)
at Cobb_BrowseResourceDirectory_SubjectsTest.testLessonp_5906(Cobb_BrowseResourceDirectory_SubjectsTest.java:45)
at java.base/java.util.ArrayList.forEach(ArrayList.java:1540)
at com.intellij.rt.testng.IDEARemoteTestNG.run(IDEARemoteTestNG.java:66)
at com.intellij.rt.testng.RemoteTestNGStarter.main(RemoteTestNGStarter.java:110)
... Removed 28 stack frames]]>
    </failure>
  </testcase> <!-- testLessonp_5906 -->
  <testcase classname="Cobb_BrowseResourceDirectory_SubjectsTest" name="testLessonp_5907" time="58.141"/>
  <testcase classname="Cobb_BrowseResourceDirectory_SubjectsTest" name="testLessonp_5908" time="28.931"/>
  <testcase classname="Cobb_BrowseResourceDirectory_SubjectsTest" name="testLessonp_5909" time="18.821"/>
  <testcase classname="Cobb_BrowseResourceDirectory_MainPageTest" name="testLessonp_5910" time="45.287"/>
  <testcase classname="Cobb_BrowseResourceDirectory_MainPageTest" name="testLessonp_5911" time="37.388"/>
  <testcase classname="Cobb_BrowseResourceDirectory_MainPageTest" name="testLessonp_5912" time="250.131"/>
  <testcase classname="Cobb_BrowseResourceDirectory_MainPageTest" name="testLessonp_5913" time="11.098"/>
  <testcase classname="Cobb_BrowseResourceDirectory_MainPageTest" name="testLessonp_5914" time="19.888"/>
  <testcase classname="Cobb_EditFolderTest" name="testLessonp_5897" time="31.678"/>
  <testcase classname="Cobb_EditFolderTest" name="testLessonp_5898" time="67.594"/>
  <testcase classname="Cobb_EditFolderTest" name="testLessonp_5899" time="169.63"/>
  <testcase classname="Cobb_EditFolderTest" name="testLessonp_5900" time="139.76"/>
  <testcase classname="Cobb_EditFolderTest" name="testLessonp_5901" time="44.155"/>
  <testcase classname="Cobb_HeaderTest" name="testLessonp_5383" time="50.942"/>
  <testcase classname="Cobb_HeaderTest" name="testLessonp_5894" time="24.439"/>
  <testcase classname="Cobb_PublishFolderTest" name="testLessonp_5958" time="83.987"/>
  <testcase classname="Cobb_PublishFolderTest" name="testLessonp_5961" time="115.023"/>
  <testcase classname="Cobb_PublishFolderTest" name="testLessonp_5962" time="93.217">
    <failure type="java.lang.Error" message=" Unable to click on webElement [[FirefoxDriver: firefox on WINDOWS (e21727f0-695d-475e-a4f7-0c8924fd9235)] -&amp;gt; css selector: [class^=&amp;apos;rating-dropdown__indicators&amp;apos;]]">
      <![CDATA[java.lang.Error:  Unable to click on webElement [[FirefoxDriver: firefox on WINDOWS (e21727f0-695d-475e-a4f7-0c8924fd9235)] -> css selector: [class^='rating-dropdown__indicators']]
at com.lessonplanet.pages.LpUiBasePage.clickElement(LpUiBasePage.java:165)
at com.lessonplanet.pages.LpUiBasePage.clickElement(LpUiBasePage.java:145)
at com.lessonplanet.pages.LpUiBasePage.selectFromDropdown(LpUiBasePage.java:584)
at com.lessonplanet.pages.EditCollection.chooseRating(EditCollection.java:503)
at com.lessonplanet.pages.EditCollection.completePublishCollectionRequirements(EditCollection.java:542)
at com.lessonplanet.pages.EditCollection.completeCollectionForPublish(EditCollection.java:534)
at User_PublishFolderTest.testPublishFolders(User_PublishFolderTest.java:162)
at User_PublishFolderTest.testAddResourcesToPublishCollection(User_PublishFolderTest.java:213)
at Cobb_PublishFolderTest.testLessonp_5962(Cobb_PublishFolderTest.java:44)
at java.base/java.util.ArrayList.forEach(ArrayList.java:1540)
at com.intellij.rt.testng.IDEARemoteTestNG.run(IDEARemoteTestNG.java:66)
at com.intellij.rt.testng.RemoteTestNGStarter.main(RemoteTestNGStarter.java:110)
... Removed 24 stack frames]]>
    </failure>
  </testcase> <!-- testLessonp_5962 -->
  <testcase classname="Cobb_PublishFolderTest" name="testLessonp_6128" time="92.701">
    <failure type="org.openqa.selenium.NoSuchElementException" message="Unable to locate element: [class*=&amp;apos;radio-row&amp;apos;] div[class=&amp;apos;pt15&amp;apos;]:nth-child(2) input
For documentation on this error, please visit: https://www.seleniumhq.org/exceptions/no_such_element.html
Build info: version: &amp;apos;3.141.59&amp;apos;, revision: &amp;apos;e82be7d358&amp;apos;, time: &amp;apos;2018-11-14T08:17:03&amp;apos;
System info: host: &amp;apos;SVROLP01518&amp;apos;, ip: &amp;apos;10.97.2.250&amp;apos;, os.name: &amp;apos;Windows 10&amp;apos;, os.arch: &amp;apos;amd64&amp;apos;, os.version: &amp;apos;10.0&amp;apos;, java.version: &amp;apos;11.0.3&amp;apos;
Driver info: org.openqa.selenium.firefox.FirefoxDriver
Capabilities {acceptInsecureCerts: true, browserName: firefox, browserVersion: 97.0, javascriptEnabled: true, moz:accessibilityChecks: false, moz:buildID: 20220202182137, moz:geckodriverVersion: 0.30.0, moz:headless: true, moz:processID: 10336, moz:profile: C:\Users\teodora.vermesan\A..., moz:shutdownTimeout: 60000, moz:useNonSpecCompliantPointerOrigin: false, moz:webdriverClick: true, pageLoadStrategy: normal, platform: WINDOWS, platformName: WINDOWS, platformVersion: 10.0, proxy: Proxy(), setWindowRect: true, strictFileInteractability: false, timeouts: {implicit: 0, pageLoad: 300000, script: 30000}, unhandledPromptBehavior: dismiss and notify}
Session ID: 7a1ee756-811e-48d0-9d9b-293e65712d58
*** Element info: {Using=css selector, value=[class*=&amp;apos;radio-row&amp;apos;] div[class=&amp;apos;pt15&amp;apos;]:nth-child(2) input}">
      <![CDATA[org.openqa.selenium.NoSuchElementException: Unable to locate element: [class*='radio-row'] div[class='pt15']:nth-child(2) input
For documentation on this error, please visit: https://www.seleniumhq.org/exceptions/no_such_element.html
Build info: version: '3.141.59', revision: 'e82be7d358', time: '2018-11-14T08:17:03'
System info: host: 'SVROLP01518', ip: '10.97.2.250', os.name: 'Windows 10', os.arch: 'amd64', os.version: '10.0', java.version: '11.0.3'
Driver info: org.openqa.selenium.firefox.FirefoxDriver
Capabilities {acceptInsecureCerts: true, browserName: firefox, browserVersion: 97.0, javascriptEnabled: true, moz:accessibilityChecks: false, moz:buildID: 20220202182137, moz:geckodriverVersion: 0.30.0, moz:headless: true, moz:processID: 10336, moz:profile: C:\Users\teodora.vermesan\A..., moz:shutdownTimeout: 60000, moz:useNonSpecCompliantPointerOrigin: false, moz:webdriverClick: true, pageLoadStrategy: normal, platform: WINDOWS, platformName: WINDOWS, platformVersion: 10.0, proxy: Proxy(), setWindowRect: true, strictFileInteractability: false, timeouts: {implicit: 0, pageLoad: 300000, script: 30000}, unhandledPromptBehavior: dismiss and notify}
Session ID: 7a1ee756-811e-48d0-9d9b-293e65712d58
*** Element info: {Using=css selector, value=[class*='radio-row'] div[class='pt15']:nth-child(2) input}
at org.openqa.selenium.remote.http.W3CHttpResponseCodec.createException(W3CHttpResponseCodec.java:187)
at org.openqa.selenium.remote.http.W3CHttpResponseCodec.decode(W3CHttpResponseCodec.java:122)
at org.openqa.selenium.remote.http.W3CHttpResponseCodec.decode(W3CHttpResponseCodec.java:49)
at org.openqa.selenium.remote.HttpCommandExecutor.execute(HttpCommandExecutor.java:160)
at org.openqa.selenium.remote.service.DriverCommandExecutor.execute(DriverCommandExecutor.java:83)
at org.openqa.selenium.remote.RemoteWebDriver.execute(RemoteWebDriver.java:601)
at org.openqa.selenium.remote.RemoteWebDriver.findElement(RemoteWebDriver.java:371)
at org.openqa.selenium.remote.RemoteWebDriver.findElementByCssSelector(RemoteWebDriver.java:465)
at org.openqa.selenium.By$ByCssSelector.findElement(By.java:431)
at org.openqa.selenium.remote.RemoteWebDriver.findElement(RemoteWebDriver.java:363)
at com.lessonplanet.pages.LpUiBasePage.findElement(LpUiBasePage.java:37)
at com.lessonplanet.pages.LpUiBasePage.clickElement(LpUiBasePage.java:145)
at com.lessonplanet.pages.ConfirmPublishUploadFileModal.clickOnIncludeFileOption(ConfirmPublishUploadFileModal.java:30)
at User_PublishFolderTest.testPublishFolders(User_PublishFolderTest.java:179)
at User_PublishFolderTest.testAddResourcesToPublishCollection(User_PublishFolderTest.java:213)
at Cobb_PublishFolderTest.testLessonp_6128(Cobb_PublishFolderTest.java:29)
at java.base/java.util.ArrayList.forEach(ArrayList.java:1540)
at com.intellij.rt.testng.IDEARemoteTestNG.run(IDEARemoteTestNG.java:66)
at com.intellij.rt.testng.RemoteTestNGStarter.main(RemoteTestNGStarter.java:110)
... Removed 27 stack frames]]>
    </failure>
  </testcase> <!-- testLessonp_6128 -->
  <testcase classname="Cobb_PublishFolderTest" name="testLessonp_6130" time="86.151"/>
  <testcase classname="Cobb_PublishFolderTest" name="testLessonp_6131" time="111.083"/>
  <testcase classname="Cobb_PublishFolderTest" name="testLessonp_6132" time="155.371"/>
  <testcase classname="Cobb_RrpSearchTest" name="testlessonp_5445" time="55.519"/>
  <testcase classname="Cobb_RrpSearchTest" name="testlessonp_5446" time="44.413"/>
  <testcase classname="Cobb_RrpSearchTest" name="testlessonp_5447" time="43.29"/>
  <testcase classname="Cobb_RrpSearchTest" name="testlessonp_5448" time="50.905"/>
  <testcase classname="Cobb_RrpSearchTest" name="testlessonp_5454" time="49.135"/>
  <testcase classname="Cobb_RrpSearchTest" name="testlessonp_5455" time="51.195"/>
  <testcase classname="Cobb_RrpSearchTest" name="testlessonp_5456" time="43.403"/>
  <testcase classname="Cobb_RrpSearchTest" name="testlessonp_5457" time="51.815"/>
  <testcase classname="Cobb_RrpSearchTest" name="testlessonp_5942" time="48.938"/>
  <testcase classname="Cobb_RrpSearchTest" name="testlessonp_5943" time="50.374"/>
  <testcase classname="Cobb_SearchTest" name="testLessonp_5916" time="164.441"/>
  <testcase classname="Cobb_SearchTest" name="testLessonp_5917" time="166.736"/>
  <testcase classname="Cobb_SearchTest" name="testLessonp_5918" time="50.8"/>
  <testcase classname="Cobb_SearchTest" name="testLessonp_5919" time="74.341"/>
  <testcase classname="Cobb_SearchTest" name="testLessonp_5920" time="67.688"/>
  <testcase classname="Cobb_SearchTest" name="testLessonp_5940" time="63.251"/>
  <testcase classname="Cobb_SearchTest" name="testLessonp_5941" time="40.15"/>
  <testcase classname="Cobb_SearchTest" name="testLessonp_5944" time="170.773"/>
  <testcase classname="Cobb_SearchTest" name="testLessonp_5999" time="24.691"/>
  <testcase classname="Cobb_SearchTest" name="testLessonp_6000" time="32.897"/>
</testsuite> <!-- Cobb SL -->
