<?xml version="1.0" encoding="UTF-8"?>
<!-- Generated by org.testng.reporters.JUnitXMLReporter -->
<testsuite ignored="0" hostname="SVROLP01518" failures="5" tests="107" name="Custom SL" time="9502.646" errors="0" timestamp="2022-02-17T19:34:30 EET">
  <testcase classname="CSL_AdminManager_AccountsRosterOnTest" name="testLessonp_5103" time="128.862"/>
  <testcase classname="CSL_AdminManager_AccountsRosterOnTest" name="testLessonp_5104" time="143.413"/>
  <testcase classname="CSL_AdminManager_AccountsRosterOnTest" name="testLessonp_5105" time="31.546"/>
  <testcase classname="CSL_AdminManager_AccountsRosterOnTest" name="testLessonp_5107" time="39.7"/>
  <testcase classname="CSL_AdminManager_AccountsRosterOnTest" name="testLessonp_5108" time="92.905"/>
  <testcase classname="CSL_AdminManager_AccountsRosterOnTest" name="testLessonp_5109" time="166.067"/>
  <testcase classname="CSL_AdminManager_AccountsRosterOnTest" name="testLessonp_5871" time="56.83"/>
  <testcase classname="CSL_AdminManager_AccountsSsoOnTest" name="testLessonp_1287" time="73.346"/>
  <testcase classname="CSL_AdminManager_AccountsSsoOnTest" name="testLessonp_1288" time="114.79"/>
  <testcase classname="CSL_AdminManager_AccountsSsoOnTest" name="testLessonp_1289" time="76.395"/>
  <testcase classname="CSL_AdminManager_AccountsSsoOnTest" name="testLessonp_1297" time="48.332"/>
  <testcase classname="CSL_AdminManager_AccountsSsoOnTest" name="testLessonp_1298" time="68.308"/>
  <testcase classname="CSL_AdminManager_AccountsSsoOnTest" name="testLessonp_1299" time="90.787"/>
  <testcase classname="CSL_AdminManager_AccountsSsoOnTest" name="testLessonp_5115" time="116.981"/>
  <testcase classname="CSL_AdminManager_AccountsSsoOnTest" name="testLessonp_5870" time="56.059"/>
  <testcase classname="CSL_CalendarTest" name="testLessonp_4196" time="150.08"/>
  <testcase classname="CSL_SharedWithMe_CanEditTest" name="testLessonp_5980" time="157.599"/>
  <testcase classname="CSL_SharedWithMe_CanEditTest" name="testLessonp_5991" time="72.495"/>
  <testcase classname="CSL_SharedWithMe_CanEditTest" name="testLessonp_5983" time="120.642"/>
  <testcase classname="CSL_SharedWithMe_CanViewTest" name="testLessonp_5979" time="19.146"/>
  <testcase classname="CSL_SharedWithMe_CanViewTest" name="testLessonp_5980" time="111.978"/>
  <testcase classname="CSL_SharedWithMe_CanViewTest" name="testLessonp_5981" time="19.586">
    <failure type="java.lang.AssertionError" message="expected [2] but found [4]">
      <![CDATA[java.lang.AssertionError: expected [2] but found [4]
at RSL_SharedWithMe_CanViewTest.testDragAndDrop(RSL_SharedWithMe_CanViewTest.java:177)
at CSL_SharedWithMe_CanViewTest.testLessonp_5981(CSL_SharedWithMe_CanViewTest.java:34)
at java.base/java.util.ArrayList.forEach(ArrayList.java:1540)
at com.intellij.rt.testng.IDEARemoteTestNG.run(IDEARemoteTestNG.java:66)
at com.intellij.rt.testng.RemoteTestNGStarter.main(RemoteTestNGStarter.java:110)
... Removed 29 stack frames]]>
    </failure>
  </testcase> <!-- testLessonp_5981 -->
  <testcase classname="CSL_SharedWithMe_CanViewTest" name="testLessonp_6012" time="66.519"/>
  <testcase classname="CSL_CollectionBuilderTest" name="testLessonp_4948" time="149.756"/>
  <testcase classname="CSL_CollectionBuilderTest" name="testLessonp_4949" time="143.902"/>
  <testcase classname="CSL_CollectionPlayerTest" name="testLessonp_5088" time="92.985"/>
  <testcase classname="CSL_CollectionPlayerTest" name="testLessonp_5090" time="109.773"/>
  <testcase classname="CSL_CollectionPlayerTest" name="testLessonp_5093" time="68.565"/>
  <testcase classname="CSL_CollectionPlayerTest" name="testLessonp_5094" time="234.302"/>
  <testcase classname="CSL_CollectionPlayerTest" name="testLessonp_5191" time="65.748">
    <failure type="java.lang.AssertionError" message="expected [true] but found [false]">
      <![CDATA[java.lang.AssertionError: expected [true] but found [false]
at User_AssignFolderModalTest.testAssignModal(User_AssignFolderModalTest.java:30)
at User_CollectionPlayerTest.testTeacherView(User_CollectionPlayerTest.java:307)
at CSL_CollectionPlayerTest.testLessonp_5191(CSL_CollectionPlayerTest.java:31)
at java.base/java.util.ArrayList.forEach(ArrayList.java:1540)
at com.intellij.rt.testng.IDEARemoteTestNG.run(IDEARemoteTestNG.java:66)
at com.intellij.rt.testng.RemoteTestNGStarter.main(RemoteTestNGStarter.java:110)
... Removed 28 stack frames]]>
    </failure>
  </testcase> <!-- testLessonp_5191 -->
  <testcase classname="CSL_AdminManager_ContentTest" name="testLessonp_1692" time="124.86">
    <failure type="java.lang.AssertionError" message="expected [TestNewResource2022_02_17_16_56_36] but found [TestNewResource2022_02_17_10_11_24]">
      <![CDATA[java.lang.AssertionError: expected [TestNewResource2022_02_17_16_56_36] but found [TestNewResource2022_02_17_10_11_24]
at CSL_AdminManager_ContentTest.testAddEditRemoveSiteSpecificResource(CSL_AdminManager_ContentTest.java:228)
at CSL_AdminManager_ContentTest.testLessonp_1692(CSL_AdminManager_ContentTest.java:59)
at java.base/java.util.ArrayList.forEach(ArrayList.java:1540)
at com.intellij.rt.testng.IDEARemoteTestNG.run(IDEARemoteTestNG.java:66)
at com.intellij.rt.testng.RemoteTestNGStarter.main(RemoteTestNGStarter.java:110)
... Removed 29 stack frames]]>
    </failure>
  </testcase> <!-- testLessonp_1692 -->
  <testcase classname="CSL_AdminManager_ContentTest" name="testLessonp_6003" time="43.484"/>
  <testcase classname="CSL_AdminManager_ContentTest" name="testLessonp_6004" time="79.975"/>
  <testcase classname="CSL_AdminManager_ContentTest" name="testLessonp_6005" time="25.229"/>
  <testcase classname="CSL_AdminManager_ContentTest" name="testLessonp_6006" time="78.56"/>
  <testcase classname="CSL_CurriculumManagerTest" name="testLessonp_5588" time="18.94"/>
  <testcase classname="CSL_CurriculumManagerTest" name="testLessonp_5589" time="54.885"/>
  <testcase classname="CSL_CurriculumManagerTest" name="testLessonp_5590" time="79.961"/>
  <testcase classname="CSL_CurriculumManagerTest" name="testLessonp_5591" time="64.668"/>
  <testcase classname="CSL_CurriculumManagerTest" name="testLessonp_5592" time="223.702"/>
  <testcase classname="CSL_CurriculumManagerTest" name="testLessonp_5593" time="232.334"/>
  <testcase classname="CSL_CurriculumManagerTest" name="testLessonp_5737" time="56.135"/>
  <testcase classname="CSL_CurriculumManagerTest" name="testLessonp_5741" time="56.345"/>
  <testcase classname="CSL_CurriculumManagerTest" name="testLessonp_5742" time="52.581"/>
  <testcase classname="CSL_CurriculumManagerTest" name="testLessonp_5743" time="54.696"/>
  <testcase classname="CSL_CurriculumManagerTest" name="testLessonp_5744" time="48.824"/>
  <testcase classname="CSL_CurriculumManagerTest" name="testLessonp_5745" time="54.043"/>
  <testcase classname="CSL_CurriculumManagerTest" name="testLessonp_5746" time="47.918"/>
  <testcase classname="CSL_CurriculumManagerTest" name="testLessonp_5817" time="61.785"/>
  <testcase classname="CSL_CurriculumManagerTest" name="testLessonp_5818" time="145.183"/>
  <testcase classname="CSL_CurriculumManagerTest" name="testLessonp_5825" time="65.893">
    <failure type="java.lang.AssertionError" message="expected [1] but found [4]">
      <![CDATA[java.lang.AssertionError: expected [1] but found [4]
at User_CurriculumManagerPageTest.checkItems(User_CurriculumManagerPageTest.java:1010)
at User_CurriculumManagerPageTest.testDragAndDrop(User_CurriculumManagerPageTest.java:995)
at CSL_CurriculumManagerTest.testLessonp_5825(CSL_CurriculumManagerTest.java:112)
at java.base/java.util.ArrayList.forEach(ArrayList.java:1540)
at com.intellij.rt.testng.IDEARemoteTestNG.run(IDEARemoteTestNG.java:66)
at com.intellij.rt.testng.RemoteTestNGStarter.main(RemoteTestNGStarter.java:110)
... Removed 29 stack frames]]>
    </failure>
  </testcase> <!-- testLessonp_5825 -->
  <testcase classname="CSL_BrowseResourceDirectory_SubjectsTest" name="testLessonp_1730" time="36.384"/>
  <testcase classname="CSL_BrowseResourceDirectory_SubjectsTest" name="testLessonp_1731" time="97.406"/>
  <testcase classname="CSL_BrowseResourceDirectory_SubjectsTest" name="testLessonp_1732" time="46.591"/>
  <testcase classname="CSL_BrowseResourceDirectory_SubjectsTest" name="testLessonp_1733" time="57.391"/>
  <testcase classname="CSL_BrowseResourceDirectory_SubjectsTest" name="testLessonp_1734" time="31.779"/>
  <testcase classname="CSL_BrowseResourceDirectory_SubjectsTest" name="testLessonp_1735" time="23.768"/>
  <testcase classname="CSL_BrowseResourceDirectory_SubjectsTest" name="testLessonp_1737" time="61.802"/>
  <testcase classname="CSL_BrowseResourceDirectory_SubjectsTest" name="testLessonp_1739" time="58.011"/>
  <testcase classname="CSL_BrowseResourceDirectory_MainPageTest" name="testLessonp_1726" time="47.119"/>
  <testcase classname="CSL_BrowseResourceDirectory_MainPageTest" name="testLessonp_1727" time="158.856"/>
  <testcase classname="CSL_BrowseResourceDirectory_MainPageTest" name="testLessonp_1728" time="12.426"/>
  <testcase classname="CSL_BrowseResourceDirectory_MainPageTest" name="testLessonp_1729" time="32.084"/>
  <testcase classname="CSL_BrowseResourceDirectory_MainPageTest" name="testLessonp_1730" time="54.183"/>
  <testcase classname="CSL_EditFolderTest" name="testLessonp_5731" time="30.997"/>
  <testcase classname="CSL_EditFolderTest" name="testLessonp_5732" time="73.354"/>
  <testcase classname="CSL_EditFolderTest" name="testLessonp_5733" time="177.045"/>
  <testcase classname="CSL_EditFolderTest" name="testLessonp_5734" time="124.614"/>
  <testcase classname="CSL_EditFolderTest" name="testLessonp_5735" time="40.972"/>
  <testcase classname="CSL_HeaderTest" name="testLessonp_4176" time="45.191"/>
  <testcase classname="CSL_HeaderTest" name="testLessonp_5793" time="52.991"/>
  <testcase classname="CSL_PublishFolderTest" name="testLessonp_6133" time="89.966"/>
  <testcase classname="CSL_PublishFolderTest" name="testLessonp_6134" time="113.936"/>
  <testcase classname="CSL_PublishFolderTest" name="testLessonp_6135" time="111.742"/>
  <testcase classname="CSL_PublishFolderTest" name="testLessonp_6136" time="115.043">
    <failure type="org.openqa.selenium.TimeoutException" message="Expected condition failed: waiting for element to no longer be visible: By.cssSelector: [class=&amp;apos;fa fa-circle-o-notch fa-spin&amp;apos;] (tried for 5 second(s) with 500 MILLISECONDS interval)
Build info: version: &amp;apos;3.141.59&amp;apos;, revision: &amp;apos;e82be7d358&amp;apos;, time: &amp;apos;2018-11-14T08:17:03&amp;apos;
System info: host: &amp;apos;SVROLP01518&amp;apos;, ip: &amp;apos;10.97.2.250&amp;apos;, os.name: &amp;apos;Windows 10&amp;apos;, os.arch: &amp;apos;amd64&amp;apos;, os.version: &amp;apos;10.0&amp;apos;, java.version: &amp;apos;11.0.3&amp;apos;
Driver info: org.openqa.selenium.firefox.FirefoxDriver
Capabilities {acceptInsecureCerts: true, browserName: firefox, browserVersion: 97.0, javascriptEnabled: true, moz:accessibilityChecks: false, moz:buildID: 20220202182137, moz:geckodriverVersion: 0.30.0, moz:headless: true, moz:processID: 26380, moz:profile: C:\Users\teodora.vermesan\A..., moz:shutdownTimeout: 60000, moz:useNonSpecCompliantPointerOrigin: false, moz:webdriverClick: true, pageLoadStrategy: normal, platform: WINDOWS, platformName: WINDOWS, platformVersion: 10.0, proxy: Proxy(), setWindowRect: true, strictFileInteractability: false, timeouts: {implicit: 0, pageLoad: 300000, script: 30000}, unhandledPromptBehavior: dismiss and notify}
Session ID: e9a0874e-c805-42b3-9554-c68a62dd51b9">
      <![CDATA[org.openqa.selenium.TimeoutException: Expected condition failed: waiting for element to no longer be visible: By.cssSelector: [class='fa fa-circle-o-notch fa-spin'] (tried for 5 second(s) with 500 MILLISECONDS interval)
Build info: version: '3.141.59', revision: 'e82be7d358', time: '2018-11-14T08:17:03'
System info: host: 'SVROLP01518', ip: '10.97.2.250', os.name: 'Windows 10', os.arch: 'amd64', os.version: '10.0', java.version: '11.0.3'
Driver info: org.openqa.selenium.firefox.FirefoxDriver
Capabilities {acceptInsecureCerts: true, browserName: firefox, browserVersion: 97.0, javascriptEnabled: true, moz:accessibilityChecks: false, moz:buildID: 20220202182137, moz:geckodriverVersion: 0.30.0, moz:headless: true, moz:processID: 26380, moz:profile: C:\Users\teodora.vermesan\A..., moz:shutdownTimeout: 60000, moz:useNonSpecCompliantPointerOrigin: false, moz:webdriverClick: true, pageLoadStrategy: normal, platform: WINDOWS, platformName: WINDOWS, platformVersion: 10.0, proxy: Proxy(), setWindowRect: true, strictFileInteractability: false, timeouts: {implicit: 0, pageLoad: 300000, script: 30000}, unhandledPromptBehavior: dismiss and notify}
Session ID: e9a0874e-c805-42b3-9554-c68a62dd51b9
at org.openqa.selenium.support.ui.WebDriverWait.timeoutException(WebDriverWait.java:82)
at org.openqa.selenium.support.ui.FluentWait.until(FluentWait.java:231)
at com.lessonplanet.pages.LpUiBasePage.waitUntilElementIsHidden(LpUiBasePage.java:455)
at com.lessonplanet.pages.EditCollection.waitUntilPublishFolderSectionIsNotDisplayed(EditCollection.java:557)
at User_PublishFolderTest.testPublishFolders(User_PublishFolderTest.java:189)
at User_PublishFolderTest.testAddResourcesToPublishCollection(User_PublishFolderTest.java:213)
at CSL_PublishFolderTest.testLessonp_6136(CSL_PublishFolderTest.java:41)
at java.base/java.util.ArrayList.forEach(ArrayList.java:1540)
at com.intellij.rt.testng.IDEARemoteTestNG.run(IDEARemoteTestNG.java:66)
at com.intellij.rt.testng.RemoteTestNGStarter.main(RemoteTestNGStarter.java:110)
... Removed 24 stack frames]]>
    </failure>
  </testcase> <!-- testLessonp_6136 -->
  <testcase classname="CSL_PublishFolderTest" name="testLessonp_6137" time="151.497"/>
  <testcase classname="CSL_PublishFolderTest" name="testLessonp_6138" time="159.1"/>
  <testcase classname="CSL_PublishFolderTest" name="testLessonp_6139" time="74.588"/>
  <testcase classname="CSL_RrpSearchTest" name="lessonp_1311" time="40.05"/>
  <testcase classname="CSL_RrpSearchTest" name="lessonp_1363" time="40.483"/>
  <testcase classname="CSL_RrpSearchTest" name="lessonp_4479" time="45.055"/>
  <testcase classname="CSL_RrpSearchTest" name="lessonp_4480" time="51.416"/>
  <testcase classname="CSL_RrpSearchTest" name="lessonp_4950" time="38.885"/>
  <testcase classname="CSL_RrpSearchTest" name="lessonp_4951" time="34.742"/>
  <testcase classname="CSL_RrpSearchTest" name="lessonp_4953" time="41.745"/>
  <testcase classname="CSL_RrpSearchTest" name="lessonp_4955" time="74.369"/>
  <testcase classname="CSL_RrpSearchTest" name="lessonp_4956" time="112.441"/>
  <testcase classname="CSL_RrpSearchTest" name="lessonp_4977" time="43.279"/>
  <testcase classname="CSL_RrpSearchTest" name="lessonp_4979" time="43.586"/>
  <testcase classname="CSL_RrpSearchTest" name="lessonp_4982" time="70.62"/>
  <testcase classname="CSL_RrpSearchTest" name="lessonp_4983" time="47.365"/>
  <testcase classname="CSL_RrpSearchTest" name="lessonp_5569" time="47.261"/>
  <testcase classname="CSL_RrpSearchTest" name="lessonp_5570" time="49.998"/>
  <testcase classname="CSL_RrpSearchTest" name="lessonp_5583" time="43.87"/>
  <testcase classname="CSL_RrpSearchTest" name="lessonp_5595" time="43.861"/>
  <testcase classname="CSL_RrpSearchTest" name="lessonp_5661" time="64.472"/>
  <testcase classname="CSL_SearchTest" name="testLessonp_1671" time="61.45"/>
  <testcase classname="CSL_SearchTest" name="testLessonp_1672" time="62.951"/>
  <testcase classname="CSL_SearchTest" name="testLessonp_1673" time="46.563"/>
  <testcase classname="CSL_SearchTest" name="testLessonp_5274" time="159.397"/>
  <testcase classname="CSL_SearchTest" name="testLessonp_5275" time="162.949"/>
  <testcase classname="CSL_SearchTest" name="testLessonp_5567" time="49.37"/>
  <testcase classname="CSL_SearchTest" name="testLessonp_5568" time="34.346"/>
  <testcase classname="CSL_SearchTest" name="testLessonp_5664" time="162.921"/>
  <testcase classname="CSL_SharedByMyDistrictTest" name="testLessonp_6141" time="96.929"/>
  <testcase classname="CSL_SharedByMyDistrictTest" name="testLessonp_6140" time="32.081"/>
  <testcase classname="CSL_SharedByMyDistrictTest" name="testLessonp_6166" time="37.215"/>
</testsuite> <!-- Custom SL -->
