<?xml version="1.0" encoding="UTF-8"?>
<!-- Generated by org.testng.reporters.JUnitXMLReporter -->
<testsuite ignored="0" hostname="SVROLP01518" failures="8" tests="102" name="Regular SL" time="7883.11" errors="0" timestamp="2022-02-17T19:07:49 EET">
  <testcase classname="RSL_AdminManager_Accounts_SchoolSlTest" name="testLessonp_5875" time="171.798"/>
  <testcase classname="RSL_AdminManager_Accounts_SchoolSlTest" name="testLessonp_5876" time="147.211"/>
  <testcase classname="RSL_AdminManager_Accounts_SchoolSlTest" name="testLessonp_5879" time="53.522"/>
  <testcase classname="RSL_AdminManager_AccountsTest" name="testLessonp_5869" time="98.427"/>
  <testcase classname="RSL_AdminManager_AccountsTest" name="testLessonp_895" time="122.765"/>
  <testcase classname="RSL_AdminManager_AccountsTest" name="testLessonp_901" time="62.399"/>
  <testcase classname="RSL_AdminManager_AccountsTest" name="testLessonp_904" time="37.579"/>
  <testcase classname="RSL_AdminManager_AccountsTest" name="testLessonp_918" time="42.563"/>
  <testcase classname="RSL_AdminManager_AccountsTest" name="testLessonp_920" time="77.563"/>
  <testcase classname="RSL_AdminManager_AccountsTest" name="testLessonp_924" time="64.092"/>
  <testcase classname="RSL_CalendarTest" name="testLessonp_5125" time="129.786"/>
  <testcase classname="RSL_SharedWithMe_CanEditTest" name="testLessonp_5973" time="95.81"/>
  <testcase classname="RSL_SharedWithMe_CanEditTest" name="testLessonp_6116" time="22.945">
    <failure type="java.lang.AssertionError" message="expected [3] but found [5]">
      <![CDATA[java.lang.AssertionError: expected [3] but found [5]
at RSL_SharedWithMe_CanViewTest.testDragAndDrop(RSL_SharedWithMe_CanViewTest.java:181)
at RSL_SharedWithMe_CanEditTest.testLessonp_6116(RSL_SharedWithMe_CanEditTest.java:27)
at java.base/java.util.ArrayList.forEach(ArrayList.java:1540)
at com.intellij.rt.testng.IDEARemoteTestNG.run(IDEARemoteTestNG.java:66)
at com.intellij.rt.testng.RemoteTestNGStarter.main(RemoteTestNGStarter.java:110)
... Removed 29 stack frames]]>
    </failure>
  </testcase> <!-- testLessonp_6116 -->
  <testcase classname="RSL_SharedWithMe_CanEditTest" name="testLessonp_6117" time="59.729">
    <failure type="java.lang.AssertionError" message="expected [Shared, Published] but found [Shared by Connor K.]">
      <![CDATA[java.lang.AssertionError: expected [Shared, Published] but found [Shared by Connor K.]
at RSL_SharedWithMe_CanViewTest.testVerifyFolder(RSL_SharedWithMe_CanViewTest.java:287)
at RSL_SharedWithMe_CanEditTest.testLessonp_6117(RSL_SharedWithMe_CanEditTest.java:34)
at java.base/java.util.ArrayList.forEach(ArrayList.java:1540)
at com.intellij.rt.testng.IDEARemoteTestNG.run(IDEARemoteTestNG.java:66)
at com.intellij.rt.testng.RemoteTestNGStarter.main(RemoteTestNGStarter.java:110)
... Removed 29 stack frames]]>
    </failure>
  </testcase> <!-- testLessonp_6117 -->
  <testcase classname="RSL_SharedWithMe_CanViewTest" name="testLessonp_5965" time="15.5"/>
  <testcase classname="RSL_SharedWithMe_CanViewTest" name="testLessonp_5966" time="90.835"/>
  <testcase classname="RSL_SharedWithMe_CanViewTest" name="testLessonp_5989" time="22.41">
    <failure type="java.lang.AssertionError" message="expected [2] but found [5]">
      <![CDATA[java.lang.AssertionError: expected [2] but found [5]
at RSL_SharedWithMe_CanViewTest.testDragAndDrop(RSL_SharedWithMe_CanViewTest.java:177)
at RSL_SharedWithMe_CanViewTest.testLessonp_5989(RSL_SharedWithMe_CanViewTest.java:61)
at java.base/java.util.ArrayList.forEach(ArrayList.java:1540)
at com.intellij.rt.testng.IDEARemoteTestNG.run(IDEARemoteTestNG.java:66)
at com.intellij.rt.testng.RemoteTestNGStarter.main(RemoteTestNGStarter.java:110)
... Removed 29 stack frames]]>
    </failure>
  </testcase> <!-- testLessonp_5989 -->
  <testcase classname="RSL_SharedWithMe_CanViewTest" name="testLessonp_6012" time="58.794"/>
  <testcase classname="RSL_CollectionBuilderTest" name="testLessonp_5141" time="67.154"/>
  <testcase classname="RSL_CollectionBuilderTest" name="testLessonp_5142" time="78.083"/>
  <testcase classname="RSL_AdminManager_ContentTest" name="testLessonp_1270" time="59.305"/>
  <testcase classname="RSL_AdminManager_ContentTest" name="testLessonp_1271" time="60.989"/>
  <testcase classname="RSL_AdminManager_ContentTest" name="testLessonp_5076" time="21.706"/>
  <testcase classname="RSL_AdminManager_ContentTest" name="testLessonp_5078" time="55.766"/>
  <testcase classname="RSL_CollectionPlayerTest" name="testLessonp_5126" time="102.467"/>
  <testcase classname="RSL_CollectionPlayerTest" name="testLessonp_5127" time="58.491"/>
  <testcase classname="RSL_CollectionPlayerTest" name="testLessonp_5128" time="154.904"/>
  <testcase classname="RSL_CollectionPlayerTest" name="testLessonp_5129" time="93.526"/>
  <testcase classname="RSL_CollectionPlayerTest" name="testLessonp_5130" time="63.552">
    <failure type="java.lang.AssertionError" message="expected [true] but found [false]">
      <![CDATA[java.lang.AssertionError: expected [true] but found [false]
at User_AssignFolderModalTest.testAssignModal(User_AssignFolderModalTest.java:30)
at User_CollectionPlayerTest.testTeacherView(User_CollectionPlayerTest.java:307)
at RSL_CollectionPlayerTest.testLessonp_5130(RSL_CollectionPlayerTest.java:31)
at java.base/java.util.ArrayList.forEach(ArrayList.java:1540)
at com.intellij.rt.testng.IDEARemoteTestNG.run(IDEARemoteTestNG.java:66)
at com.intellij.rt.testng.RemoteTestNGStarter.main(RemoteTestNGStarter.java:110)
... Removed 28 stack frames]]>
    </failure>
  </testcase> <!-- testLessonp_5130 -->
  <testcase classname="RSL_CurriculumManagerTest" name="testLessonp_5571" time="13.954"/>
  <testcase classname="RSL_CurriculumManagerTest" name="testLessonp_5575" time="86.763"/>
  <testcase classname="RSL_CurriculumManagerTest" name="testLessonp_5578" time="54.299"/>
  <testcase classname="RSL_CurriculumManagerTest" name="testLessonp_5581" time="231.567"/>
  <testcase classname="RSL_CurriculumManagerTest" name="testLessonp_5582" time="236.32"/>
  <testcase classname="RSL_CurriculumManagerTest" name="testLessonp_5655" time="53.898"/>
  <testcase classname="RSL_CurriculumManagerTest" name="testLessonp_5806" time="49.106"/>
  <testcase classname="RSL_CurriculumManagerTest" name="testLessonp_5807" time="60.596"/>
  <testcase classname="RSL_CurriculumManagerTest" name="testLessonp_5808" time="135.712"/>
  <testcase classname="RSL_CurriculumManagerTest" name="testLessonp_5809" time="60.948"/>
  <testcase classname="RSL_CurriculumManagerTest" name="testLessonp_5810" time="55.833"/>
  <testcase classname="RSL_CurriculumManagerTest" name="testLessonp_5811" time="51.646"/>
  <testcase classname="RSL_CurriculumManagerTest" name="testLessonp_5812" time="49.312"/>
  <testcase classname="RSL_CurriculumManagerTest" name="testLessonp_5813" time="48.27"/>
  <testcase classname="RSL_CurriculumManagerTest" name="testLessonp_5814" time="48.257"/>
  <testcase classname="RSL_CurriculumManagerTest" name="testLessonp_5815" time="82.893"/>
  <testcase classname="RSL_BrowseResourceDirectory_SubjectsTest" name="testLessonp_5183" time="34.451"/>
  <testcase classname="RSL_BrowseResourceDirectory_SubjectsTest" name="testLessonp_5184" time="68.547"/>
  <testcase classname="RSL_BrowseResourceDirectory_SubjectsTest" name="testLessonp_5185" time="41.714"/>
  <testcase classname="RSL_BrowseResourceDirectory_SubjectsTest" name="testLessonp_5186" time="37.756"/>
  <testcase classname="RSL_BrowseResourceDirectory_SubjectsTest" name="testLessonp_5187" time="39.976"/>
  <testcase classname="RSL_BrowseResourceDirectory_SubjectsTest" name="testLessonp_5188" time="36.008"/>
  <testcase classname="RSL_BrowseResourceDirectory_SubjectsTest" name="testLessonp_5189" time="25.178"/>
  <testcase classname="RSL_BrowseResourceDirectory_SubjectsTest" name="testLessonp_5190" time="13.169"/>
  <testcase classname="RSL_BrowseResourceDirectory_MainPageTest" name="testLessonp_5178" time="43.585"/>
  <testcase classname="RSL_BrowseResourceDirectory_MainPageTest" name="testLessonp_5179" time="36.333"/>
  <testcase classname="RSL_BrowseResourceDirectory_MainPageTest" name="testLessonp_5180" time="117.754"/>
  <testcase classname="RSL_BrowseResourceDirectory_MainPageTest" name="testLessonp_5181" time="8.92"/>
  <testcase classname="RSL_BrowseResourceDirectory_MainPageTest" name="testLessonp_5182" time="19.02"/>
  <testcase classname="RSL_EditFolderTest" name="testLessonp_5617" time="22.865"/>
  <testcase classname="RSL_EditFolderTest" name="testLessonp_5618" time="52.169"/>
  <testcase classname="RSL_EditFolderTest" name="testLessonp_5619" time="170.516"/>
  <testcase classname="RSL_EditFolderTest" name="testLessonp_5620" time="127.773"/>
  <testcase classname="RSL_EditFolderTest" name="testLessonp_5621" time="34.783"/>
  <testcase classname="RSL_HeaderTest" name="testLessonp_4144" time="30.657"/>
  <testcase classname="RSL_HeaderTest" name="testLessonp_4619" time="46.5"/>
  <testcase classname="RSL_FooterTest" name="testLessonp_4150" time="0.746"/>
  <testcase classname="RSL_FooterTest" name="testLessonp_4154" time="2.758"/>
  <testcase classname="RSL_FooterTest" name="testLessonp_4156" time="14.041"/>
  <testcase classname="RSL_PublishFolderTest" name="testLessonp_5236" time="78.778">
    <failure type="java.lang.AssertionError" message="expected [Private, Published] but found [Private]">
      <![CDATA[java.lang.AssertionError: expected [Private, Published] but found [Private]
at User_PublishFolderTest.testPublishFolders(User_PublishFolderTest.java:205)
at User_PublishFolderTest.testAddResourcesToPublishCollection(User_PublishFolderTest.java:213)
at RSL_PublishFolderTest.testLessonp_5236(RSL_PublishFolderTest.java:26)
at java.base/java.util.ArrayList.forEach(ArrayList.java:1540)
at com.intellij.rt.testng.IDEARemoteTestNG.run(IDEARemoteTestNG.java:66)
at com.intellij.rt.testng.RemoteTestNGStarter.main(RemoteTestNGStarter.java:110)
... Removed 29 stack frames]]>
    </failure>
  </testcase> <!-- testLessonp_5236 -->
  <testcase classname="RSL_PublishFolderTest" name="testLessonp_5237" time="102.736">
    <failure type="java.lang.AssertionError" message="expected [Private, Published] but found [Private]">
      <![CDATA[java.lang.AssertionError: expected [Private, Published] but found [Private]
at User_PublishFolderTest.testPublishFolders(User_PublishFolderTest.java:205)
at User_PublishFolderTest.testAddResourcesToPublishCollection(User_PublishFolderTest.java:213)
at RSL_PublishFolderTest.testLessonp_5237(RSL_PublishFolderTest.java:33)
at java.base/java.util.ArrayList.forEach(ArrayList.java:1540)
at com.intellij.rt.testng.IDEARemoteTestNG.run(IDEARemoteTestNG.java:66)
at com.intellij.rt.testng.RemoteTestNGStarter.main(RemoteTestNGStarter.java:110)
... Removed 29 stack frames]]>
    </failure>
  </testcase> <!-- testLessonp_5237 -->
  <testcase classname="RSL_PublishFolderTest" name="testLessonp_5612" time="84.453">
    <failure type="java.lang.Error" message=" Unable to click on webElement [[FirefoxDriver: firefox on WINDOWS (421f6fc2-34af-4f4f-8a8a-8fdcc2b3e538)] -&amp;gt; css selector: [class^=&amp;apos;rating-dropdown__indicators&amp;apos;]]">
      <![CDATA[java.lang.Error:  Unable to click on webElement [[FirefoxDriver: firefox on WINDOWS (421f6fc2-34af-4f4f-8a8a-8fdcc2b3e538)] -> css selector: [class^='rating-dropdown__indicators']]
at com.lessonplanet.pages.LpUiBasePage.clickElement(LpUiBasePage.java:165)
at com.lessonplanet.pages.LpUiBasePage.clickElement(LpUiBasePage.java:145)
at com.lessonplanet.pages.LpUiBasePage.selectFromDropdown(LpUiBasePage.java:584)
at com.lessonplanet.pages.EditCollection.chooseRating(EditCollection.java:503)
at com.lessonplanet.pages.EditCollection.completePublishCollectionRequirements(EditCollection.java:542)
at com.lessonplanet.pages.EditCollection.completeCollectionForPublish(EditCollection.java:534)
at User_PublishFolderTest.testPublishFolders(User_PublishFolderTest.java:162)
at User_PublishFolderTest.testAddResourcesToPublishCollection(User_PublishFolderTest.java:213)
at RSL_PublishFolderTest.testLessonp_5612(RSL_PublishFolderTest.java:47)
at java.base/java.util.ArrayList.forEach(ArrayList.java:1540)
at com.intellij.rt.testng.IDEARemoteTestNG.run(IDEARemoteTestNG.java:66)
at com.intellij.rt.testng.RemoteTestNGStarter.main(RemoteTestNGStarter.java:110)
... Removed 24 stack frames]]>
    </failure>
  </testcase> <!-- testLessonp_5612 -->
  <testcase classname="RSL_PublishFolderTest" name="testLessonp_5613" time="128.485"/>
  <testcase classname="RSL_PublishFolderTest" name="testLessonp_5796" time="111.284"/>
  <testcase classname="RSL_PublishFolderTest" name="testLessonp_5797" time="163.675"/>
  <testcase classname="RSL_PublishFolderTest" name="testLessonp_5798" time="43.57">
    <failure type="java.lang.Error" message=" Unable to click on webElement [[FirefoxDriver: firefox on WINDOWS (fec4724e-f2c8-444b-adc1-597fcae74861)] -&amp;gt; css selector: [class^=&amp;apos;additional-tags-dropdown__option&amp;apos;]]">
      <![CDATA[java.lang.Error:  Unable to click on webElement [[FirefoxDriver: firefox on WINDOWS (fec4724e-f2c8-444b-adc1-597fcae74861)] -> css selector: [class^='additional-tags-dropdown__option']]
at com.lessonplanet.pages.LpUiBasePage.clickElement(LpUiBasePage.java:165)
at com.lessonplanet.pages.LpUiBasePage.selectFromDropdownWithSearch(LpUiBasePage.java:607)
at com.lessonplanet.pages.EditCollection.chooseAdditionalTags(EditCollection.java:518)
at com.lessonplanet.pages.EditCollection.completePublishCollectionRequirements(EditCollection.java:545)
at com.lessonplanet.pages.EditCollection.completeCollectionForPublish(EditCollection.java:534)
at User_PublishFolderTest.testCollectionNotPublishedModal(User_PublishFolderTest.java:226)
at RSL_PublishFolderTest.testLessonp_5798(RSL_PublishFolderTest.java:68)
at java.base/java.util.ArrayList.forEach(ArrayList.java:1540)
at com.intellij.rt.testng.IDEARemoteTestNG.run(IDEARemoteTestNG.java:66)
at com.intellij.rt.testng.RemoteTestNGStarter.main(RemoteTestNGStarter.java:110)
... Removed 24 stack frames]]>
    </failure>
  </testcase> <!-- testLessonp_5798 -->
  <testcase classname="RSL_RrpSearchTest" name="testLessonp_5143" time="45.095"/>
  <testcase classname="RSL_RrpSearchTest" name="testLessonp_5144" time="51.903"/>
  <testcase classname="RSL_RrpSearchTest" name="testLessonp_5145" time="63.268"/>
  <testcase classname="RSL_RrpSearchTest" name="testLessonp_5151" time="109.472"/>
  <testcase classname="RSL_RrpSearchTest" name="testLessonp_5158" time="36.358"/>
  <testcase classname="RSL_RrpSearchTest" name="testLessonp_5159" time="52.454"/>
  <testcase classname="RSL_RrpSearchTest" name="testLessonp_5160" time="64.281"/>
  <testcase classname="RSL_RrpSearchTest" name="testLessonp_5166" time="76.843"/>
  <testcase classname="RSL_RrpSearchTest" name="testLessonp_5562" time="56.825"/>
  <testcase classname="RSL_RrpSearchTest" name="testLessonp_5563" time="55.726"/>
  <testcase classname="RSL_RrpSearchTest" name="testLessonp_5598" time="114.114"/>
  <testcase classname="RSL_RrpSearchTest" name="testLessonp_5605" time="73.615"/>
  <testcase classname="RSL_RrpBrowseResourceDirectoryTest" name="testLessonp_5191" time="34.019"/>
  <testcase classname="RSL_RrpBrowseResourceDirectoryTest" name="testLessonp_5192" time="27.791"/>
  <testcase classname="RSL_RrpBrowseResourceDirectoryTest" name="testLessonp_5212" time="37.574"/>
  <testcase classname="RSL_RrpBrowseResourceDirectoryTest" name="testLessonp_5213" time="31.888"/>
  <testcase classname="RSL_RrpBrowseResourceDirectoryTest" name="testLessonp_5624" time="33.003"/>
  <testcase classname="RSL_RrpBrowseResourceDirectoryTest" name="testLessonp_5625" time="32.472"/>
  <testcase classname="RSL_RrpBrowseResourceDirectoryTest" name="testLessonp_5630" time="30.694"/>
  <testcase classname="RSL_RrpBrowseResourceDirectoryTest" name="testLessonp_5631" time="30.894"/>
  <testcase classname="RSL_SearchTest" name="testLessonp_4016" time="153.979"/>
  <testcase classname="RSL_SearchTest" name="testLessonp_4017" time="158.838"/>
  <testcase classname="RSL_SearchTest" name="testLessonp_4038" time="39.531"/>
  <testcase classname="RSL_SearchTest" name="testLessonp_4039" time="52.249"/>
  <testcase classname="RSL_SearchTest" name="testLessonp_4040" time="60.463"/>
  <testcase classname="RSL_SearchTest" name="testLessonp_5173" time="29.533"/>
  <testcase classname="RSL_SearchTest" name="testLessonp_5174" time="24.693"/>
</testsuite> <!-- Regular SL -->
