<?xml version="1.0" encoding="UTF-8"?>
<!-- Generated by org.testng.reporters.JUnitXMLReporter -->
<testsuite ignored="167" hostname="SVROLP01518" failures="7" tests="111" name="Active User Tests" time="9275.362" errors="0" timestamp="2022-03-17T12:06:17 EET">
  <testcase classname="User_ArticlesTest" name="testC2303" time="40.377"/>
  <testcase classname="User_ArticlesTest" name="testC2304" time="25.482"/>
  <testcase classname="User_CalendarTest" name="testC2305" time="174.013"/>
  <testcase classname="User_CollectionBuilderTest" name="testC2254" time="83.378"/>
  <testcase classname="User_CollectionBuilderTest" name="testC2255" time="86.062"/>
  <testcase classname="User_CollectionPlayerTest" name="testC2310" time="84.529"/>
  <testcase classname="User_CollectionPlayerTest" name="testC2311" time="50.642">
    <failure type="org.openqa.selenium.TimeoutException" message="Expected condition failed: waiting for com.lessonplanet.pages.LpUiBasePage$2@118acf70 (tried for 5 second(s) with 500 MILLISECONDS interval)
Build info: version: &amp;apos;3.9.1&amp;apos;, revision: &amp;apos;63f7b50&amp;apos;, time: &amp;apos;2018-02-07T22:25:02.294Z&amp;apos;
System info: host: &amp;apos;SVROLP01518&amp;apos;, ip: &amp;apos;192.168.100.3&amp;apos;, os.name: &amp;apos;Windows 10&amp;apos;, os.arch: &amp;apos;amd64&amp;apos;, os.version: &amp;apos;10.0&amp;apos;, java.version: &amp;apos;11.0.3&amp;apos;
Driver info: org.openqa.selenium.firefox.FirefoxDriver
Capabilities {acceptInsecureCerts: true, browserName: firefox, browserVersion: 98.0.1, javascriptEnabled: true, moz:accessibilityChecks: false, moz:buildID: 20220313140707, moz:geckodriverVersion: 0.30.0, moz:headless: true, moz:processID: 24696, moz:profile: C:\Users\teodora.vermesan\A..., moz:shutdownTimeout: 60000, moz:useNonSpecCompliantPointerOrigin: false, moz:webdriverClick: true, pageLoadStrategy: normal, platform: WINDOWS, platformName: WINDOWS, platformVersion: 10.0, proxy: Proxy(), setWindowRect: true, strictFileInteractability: false, timeouts: {implicit: 0, pageLoad: 300000, script: 30000}, unhandledPromptBehavior: dismiss and notify}
Session ID: 41050645-c1c2-4df3-87c7-c894cc89e45f">
      <![CDATA[org.openqa.selenium.TimeoutException: Expected condition failed: waiting for com.lessonplanet.pages.LpUiBasePage$2@118acf70 (tried for 5 second(s) with 500 MILLISECONDS interval)
Build info: version: '3.9.1', revision: '63f7b50', time: '2018-02-07T22:25:02.294Z'
System info: host: 'SVROLP01518', ip: '192.168.100.3', os.name: 'Windows 10', os.arch: 'amd64', os.version: '10.0', java.version: '11.0.3'
Driver info: org.openqa.selenium.firefox.FirefoxDriver
Capabilities {acceptInsecureCerts: true, browserName: firefox, browserVersion: 98.0.1, javascriptEnabled: true, moz:accessibilityChecks: false, moz:buildID: 20220313140707, moz:geckodriverVersion: 0.30.0, moz:headless: true, moz:processID: 24696, moz:profile: C:\Users\teodora.vermesan\A..., moz:shutdownTimeout: 60000, moz:useNonSpecCompliantPointerOrigin: false, moz:webdriverClick: true, pageLoadStrategy: normal, platform: WINDOWS, platformName: WINDOWS, platformVersion: 10.0, proxy: Proxy(), setWindowRect: true, strictFileInteractability: false, timeouts: {implicit: 0, pageLoad: 300000, script: 30000}, unhandledPromptBehavior: dismiss and notify}
Session ID: 41050645-c1c2-4df3-87c7-c894cc89e45f
at org.openqa.selenium.support.ui.WebDriverWait.timeoutException(WebDriverWait.java:82)
at org.openqa.selenium.support.ui.FluentWait.until(FluentWait.java:231)
at com.lessonplanet.pages.LpUiBasePage.waitUntilDocumentIsReady(LpUiBasePage.java:307)
at com.lessonplanet.pages.LpUiBasePage.waitForPageLoad(LpUiBasePage.java:302)
at com.lessonplanet.pages.LpUiBasePage.waitForLoad(LpUiBasePage.java:319)
at com.lessonplanet.pages.LpUiBasePage.isElementDisplayed(LpUiBasePage.java:682)
at com.lessonplanet.pages.CollectionPlayerPage.isUpArrowButtonDisplayed(CollectionPlayerPage.java:78)
at User_CollectionPlayerTest.testCollectionNavigator(User_CollectionPlayerTest.java:165)
at User_CollectionPlayerTest.testC2311(User_CollectionPlayerTest.java:63)
at java.base/java.util.ArrayList.forEach(ArrayList.java:1540)
at com.intellij.rt.testng.IDEARemoteTestNG.run(IDEARemoteTestNG.java:66)
at com.intellij.rt.testng.RemoteTestNGStarter.main(RemoteTestNGStarter.java:110)
... Removed 24 stack frames]]>
    </failure>
  </testcase> <!-- testC2311 -->
  <testcase classname="User_CollectionPlayerTest" name="testC2312" time="145.604"/>
  <testcase classname="User_CollectionPlayerTest" name="testC2313" time="47.32">
    <failure type="org.openqa.selenium.TimeoutException" message="Expected condition failed: waiting for com.lessonplanet.pages.LpUiBasePage$2@2725ca05 (tried for 5 second(s) with 500 MILLISECONDS interval)
Build info: version: &amp;apos;3.9.1&amp;apos;, revision: &amp;apos;63f7b50&amp;apos;, time: &amp;apos;2018-02-07T22:25:02.294Z&amp;apos;
System info: host: &amp;apos;SVROLP01518&amp;apos;, ip: &amp;apos;192.168.100.3&amp;apos;, os.name: &amp;apos;Windows 10&amp;apos;, os.arch: &amp;apos;amd64&amp;apos;, os.version: &amp;apos;10.0&amp;apos;, java.version: &amp;apos;11.0.3&amp;apos;
Driver info: org.openqa.selenium.firefox.FirefoxDriver
Capabilities {acceptInsecureCerts: true, browserName: firefox, browserVersion: 98.0.1, javascriptEnabled: true, moz:accessibilityChecks: false, moz:buildID: 20220313140707, moz:geckodriverVersion: 0.30.0, moz:headless: true, moz:processID: 11788, moz:profile: C:\Users\teodora.vermesan\A..., moz:shutdownTimeout: 60000, moz:useNonSpecCompliantPointerOrigin: false, moz:webdriverClick: true, pageLoadStrategy: normal, platform: WINDOWS, platformName: WINDOWS, platformVersion: 10.0, proxy: Proxy(), setWindowRect: true, strictFileInteractability: false, timeouts: {implicit: 0, pageLoad: 300000, script: 30000}, unhandledPromptBehavior: dismiss and notify}
Session ID: ea977aa2-de88-43db-a1b4-c83d05ceb88f">
      <![CDATA[org.openqa.selenium.TimeoutException: Expected condition failed: waiting for com.lessonplanet.pages.LpUiBasePage$2@2725ca05 (tried for 5 second(s) with 500 MILLISECONDS interval)
Build info: version: '3.9.1', revision: '63f7b50', time: '2018-02-07T22:25:02.294Z'
System info: host: 'SVROLP01518', ip: '192.168.100.3', os.name: 'Windows 10', os.arch: 'amd64', os.version: '10.0', java.version: '11.0.3'
Driver info: org.openqa.selenium.firefox.FirefoxDriver
Capabilities {acceptInsecureCerts: true, browserName: firefox, browserVersion: 98.0.1, javascriptEnabled: true, moz:accessibilityChecks: false, moz:buildID: 20220313140707, moz:geckodriverVersion: 0.30.0, moz:headless: true, moz:processID: 11788, moz:profile: C:\Users\teodora.vermesan\A..., moz:shutdownTimeout: 60000, moz:useNonSpecCompliantPointerOrigin: false, moz:webdriverClick: true, pageLoadStrategy: normal, platform: WINDOWS, platformName: WINDOWS, platformVersion: 10.0, proxy: Proxy(), setWindowRect: true, strictFileInteractability: false, timeouts: {implicit: 0, pageLoad: 300000, script: 30000}, unhandledPromptBehavior: dismiss and notify}
Session ID: ea977aa2-de88-43db-a1b4-c83d05ceb88f
at org.openqa.selenium.support.ui.WebDriverWait.timeoutException(WebDriverWait.java:82)
at org.openqa.selenium.support.ui.FluentWait.until(FluentWait.java:231)
at com.lessonplanet.pages.LpUiBasePage.waitUntilDocumentIsReady(LpUiBasePage.java:307)
at com.lessonplanet.pages.LpUiBasePage.waitForPageLoad(LpUiBasePage.java:302)
at com.lessonplanet.pages.LpUiBasePage.waitForLoad(LpUiBasePage.java:319)
at com.lessonplanet.pages.LpUiBasePage.waitForElement(LpUiBasePage.java:110)
at com.lessonplanet.pages.LpUiBasePage.findElement(LpUiBasePage.java:30)
at com.lessonplanet.pages.LpUiBasePage.clickElement(LpUiBasePage.java:148)
at com.lessonplanet.pages.CollectionPlayerPage.clickAssignFolderButton(CollectionPlayerPage.java:98)
at User_CollectionPlayerTest.testStudentView(User_CollectionPlayerTest.java:342)
at User_CollectionPlayerTest.testC2313(User_CollectionPlayerTest.java:83)
at java.base/java.util.ArrayList.forEach(ArrayList.java:1540)
at com.intellij.rt.testng.IDEARemoteTestNG.run(IDEARemoteTestNG.java:66)
at com.intellij.rt.testng.RemoteTestNGStarter.main(RemoteTestNGStarter.java:110)
... Removed 24 stack frames]]>
    </failure>
  </testcase> <!-- testC2313 -->
  <testcase classname="User_CollectionPlayerTest" name="testC2314" time="65.281"/>
  <testcase classname="User_CurriculumManagerPageTest" name="testC2222" time="63.115"/>
  <testcase classname="User_CurriculumManagerPageTest" name="testC2223" time="59.524"/>
  <testcase classname="User_CurriculumManagerPageTest" name="testC2224" time="59.269"/>
  <testcase classname="User_CurriculumManagerPageTest" name="testC2225" time="60.89"/>
  <testcase classname="User_CurriculumManagerPageTest" name="testC2226" time="60.535"/>
  <testcase classname="User_CurriculumManagerPageTest" name="testC2227" time="56.148"/>
  <testcase classname="User_CurriculumManagerPageTest" name="testC2228" time="57.104"/>
  <testcase classname="User_CurriculumManagerPageTest" name="testC2229" time="30.967"/>
  <testcase classname="User_CurriculumManagerPageTest" name="testC2230" time="56.112"/>
  <testcase classname="User_CurriculumManagerPageTest" name="testC2231" time="98.309"/>
  <testcase classname="User_CurriculumManagerPageTest" name="testC2233" time="97.739"/>
  <testcase classname="User_CurriculumManagerPageTest" name="testC2234" time="93.009"/>
  <testcase classname="User_CurriculumManagerPageTest" name="testC2236" time="56.622"/>
  <testcase classname="User_CurriculumManagerPageTest" name="testC2237" time="212.102"/>
  <testcase classname="User_CurriculumManagerPageTest" name="testC2239" time="33.001">
    <failure type="org.openqa.selenium.NoSuchElementException" message="Unable to locate element: [class*=&amp;apos;popuptext show&amp;apos;]
For documentation on this error, please visit: http://seleniumhq.org/exceptions/no_such_element.html
Build info: version: &amp;apos;3.9.1&amp;apos;, revision: &amp;apos;63f7b50&amp;apos;, time: &amp;apos;2018-02-07T22:25:02.294Z&amp;apos;
System info: host: &amp;apos;SVROLP01518&amp;apos;, ip: &amp;apos;192.168.100.3&amp;apos;, os.name: &amp;apos;Windows 10&amp;apos;, os.arch: &amp;apos;amd64&amp;apos;, os.version: &amp;apos;10.0&amp;apos;, java.version: &amp;apos;11.0.3&amp;apos;
Driver info: org.openqa.selenium.firefox.FirefoxDriver
Capabilities {acceptInsecureCerts: true, browserName: firefox, browserVersion: 98.0.1, javascriptEnabled: true, moz:accessibilityChecks: false, moz:buildID: 20220313140707, moz:geckodriverVersion: 0.30.0, moz:headless: true, moz:processID: 13964, moz:profile: C:\Users\teodora.vermesan\A..., moz:shutdownTimeout: 60000, moz:useNonSpecCompliantPointerOrigin: false, moz:webdriverClick: true, pageLoadStrategy: normal, platform: WINDOWS, platformName: WINDOWS, platformVersion: 10.0, proxy: Proxy(), setWindowRect: true, strictFileInteractability: false, timeouts: {implicit: 0, pageLoad: 300000, script: 30000}, unhandledPromptBehavior: dismiss and notify}
Session ID: 35afa412-6206-4327-a6df-ceeaf938353b
*** Element info: {Using=css selector, value=[class*=&amp;apos;popuptext show&amp;apos;]}">
      <![CDATA[org.openqa.selenium.NoSuchElementException: Unable to locate element: [class*='popuptext show']
For documentation on this error, please visit: http://seleniumhq.org/exceptions/no_such_element.html
Build info: version: '3.9.1', revision: '63f7b50', time: '2018-02-07T22:25:02.294Z'
System info: host: 'SVROLP01518', ip: '192.168.100.3', os.name: 'Windows 10', os.arch: 'amd64', os.version: '10.0', java.version: '11.0.3'
Driver info: org.openqa.selenium.firefox.FirefoxDriver
Capabilities {acceptInsecureCerts: true, browserName: firefox, browserVersion: 98.0.1, javascriptEnabled: true, moz:accessibilityChecks: false, moz:buildID: 20220313140707, moz:geckodriverVersion: 0.30.0, moz:headless: true, moz:processID: 13964, moz:profile: C:\Users\teodora.vermesan\A..., moz:shutdownTimeout: 60000, moz:useNonSpecCompliantPointerOrigin: false, moz:webdriverClick: true, pageLoadStrategy: normal, platform: WINDOWS, platformName: WINDOWS, platformVersion: 10.0, proxy: Proxy(), setWindowRect: true, strictFileInteractability: false, timeouts: {implicit: 0, pageLoad: 300000, script: 30000}, unhandledPromptBehavior: dismiss and notify}
Session ID: 35afa412-6206-4327-a6df-ceeaf938353b
*** Element info: {Using=css selector, value=[class*='popuptext show']}
at org.openqa.selenium.remote.http.W3CHttpResponseCodec.createException(W3CHttpResponseCodec.java:187)
at org.openqa.selenium.remote.http.W3CHttpResponseCodec.decode(W3CHttpResponseCodec.java:122)
at org.openqa.selenium.remote.http.W3CHttpResponseCodec.decode(W3CHttpResponseCodec.java:49)
at org.openqa.selenium.remote.HttpCommandExecutor.execute(HttpCommandExecutor.java:160)
at org.openqa.selenium.remote.service.DriverCommandExecutor.execute(DriverCommandExecutor.java:83)
at org.openqa.selenium.remote.RemoteWebDriver.execute(RemoteWebDriver.java:601)
at org.openqa.selenium.remote.RemoteWebDriver.findElement(RemoteWebDriver.java:371)
at org.openqa.selenium.remote.RemoteWebDriver.findElementByCssSelector(RemoteWebDriver.java:465)
at org.openqa.selenium.By$ByCssSelector.findElement(By.java:430)
at org.openqa.selenium.remote.RemoteWebDriver.findElement(RemoteWebDriver.java:363)
at com.lessonplanet.pages.LpUiBasePage.findElement(LpUiBasePage.java:32)
at com.lessonplanet.pages.LpUiBasePage.getTextForElement(LpUiBasePage.java:226)
at com.lessonplanet.pages.CurriculumManagerPage.getPopoverText(CurriculumManagerPage.java:132)
at User_CurriculumManagerPageTest.testPlayFolderWithNoItems(User_CurriculumManagerPageTest.java:716)
at User_CurriculumManagerPageTest.testFolderActions(User_CurriculumManagerPageTest.java:629)
at User_CurriculumManagerPageTest.testC2239(User_CurriculumManagerPageTest.java:171)
at java.base/java.util.ArrayList.forEach(ArrayList.java:1540)
at com.intellij.rt.testng.IDEARemoteTestNG.run(IDEARemoteTestNG.java:66)
at com.intellij.rt.testng.RemoteTestNGStarter.main(RemoteTestNGStarter.java:110)
... Removed 28 stack frames]]>
    </failure>
  </testcase> <!-- testC2239 -->
  <testcase classname="User_CurriculumManagerPageTest" name="testC2240" time="200.53"/>
  <testcase classname="User_CurriculumManagerPageTest" name="testC2242" time="205.831"/>
  <testcase classname="User_CurriculumManagerPageTest" name="testC2243" time="112.046"/>
  <testcase classname="User_CurriculumManagerPageTest" name="testC2244" time="151.078"/>
  <testcase classname="User_CurriculumManagerPageTest" name="testC2245" time="99.158"/>
  <testcase classname="User_BrowseResourceDirectory_MainPageTest" name="testC2298" time="22.465">
    <failure type="java.lang.Error" message="Unable to click on webElement [[FirefoxDriver: firefox on WINDOWS (449acdf5-fbe3-4f23-bf82-7dcc91fcf302)] -&amp;gt; css selector: h4 [href*=&amp;apos;/math&amp;apos;]]">
      <![CDATA[java.lang.Error: Unable to click on webElement [[FirefoxDriver: firefox on WINDOWS (449acdf5-fbe3-4f23-bf82-7dcc91fcf302)] -> css selector: h4 [href*='/math']]
at com.lessonplanet.pages.LpUiBasePage.clickElement(LpUiBasePage.java:169)
at com.lessonplanet.pages.LpUiBasePage.clickElement(LpUiBasePage.java:148)
at com.lessonplanet.pages.DirectoryPage.clickOnMathSubjectLink(DirectoryPage.java:101)
at User_BrowseResourceDirectory_MainPageTest.testPageUi(User_BrowseResourceDirectory_MainPageTest.java:116)
at User_BrowseResourceDirectory_MainPageTest.testC2298(User_BrowseResourceDirectory_MainPageTest.java:47)
at java.base/java.util.ArrayList.forEach(ArrayList.java:1540)
at com.intellij.rt.testng.IDEARemoteTestNG.run(IDEARemoteTestNG.java:66)
at com.intellij.rt.testng.RemoteTestNGStarter.main(RemoteTestNGStarter.java:110)
... Removed 24 stack frames]]>
    </failure>
  </testcase> <!-- testC2298 -->
  <testcase classname="User_BrowseResourceDirectory_MainPageTest" name="testC2299" time="46.991"/>
  <testcase classname="User_BrowseResourceDirectory_MainPageTest" name="testC2300" time="205.357"/>
  <testcase classname="User_BrowseResourceDirectory_MainPageTest" name="testC2301" time="17.712"/>
  <testcase classname="User_BrowseResourceDirectory_MainPageTest" name="testC2302" time="29.097"/>
  <testcase classname="User_BrowseResourceDirectory_SubjectsTest" name="testC2289" time="43.988"/>
  <testcase classname="User_BrowseResourceDirectory_SubjectsTest" name="testC2290" time="240.784"/>
  <testcase classname="User_BrowseResourceDirectory_SubjectsTest" name="testC2291" time="39.982"/>
  <testcase classname="User_BrowseResourceDirectory_SubjectsTest" name="testC2292" time="22.137"/>
  <testcase classname="User_BrowseResourceDirectory_SubjectsTest" name="testC2293" time="35.015"/>
  <testcase classname="User_EditFolderTest" name="testC2246" time="44.881"/>
  <testcase classname="User_EditFolderTest" name="testC2247" time="69.648"/>
  <testcase classname="User_EditFolderTest" name="testC2248" time="91.019"/>
  <testcase classname="User_EditFolderTest" name="testC2249" time="135.108"/>
  <testcase classname="User_EditFolderTest" name="testC2251" time="156.156"/>
  <testcase classname="User_EditFolderTest" name="testC2252" time="49.538"/>
  <testcase classname="User_HeaderTest" name="testC2257" time="100.85"/>
  <testcase classname="User_HeaderTest" name="testC2258" time="122.763"/>
  <testcase classname="User_HeaderTest" name="testC2259" time="38.2"/>
  <testcase classname="User_HeaderTest" name="testC2260" time="36.48"/>
  <testcase classname="User_FooterTest" name="testC2261" time="10.296"/>
  <testcase classname="User_FooterTest" name="testC2262" time="43.017"/>
  <testcase classname="User_FooterTest" name="testC2263" time="37.267"/>
  <testcase classname="User_FooterTest" name="testC2264" time="27.985"/>
  <testcase classname="User_FooterTest" name="testC2265" time="13.42"/>
  <testcase classname="User_FooterTest" name="testC2266" time="19.434"/>
  <testcase classname="User_FooterTest" name="testC2267" time="8.888"/>
  <testcase classname="User_FooterTest" name="testC2268" time="17.076"/>
  <testcase classname="User_HomepageTest" name="testC2315" time="41.432"/>
  <testcase classname="User_HomepageTest" name="testC2316" time="20.338"/>
  <testcase classname="User_HomepageTest" name="testC2317" time="22.745"/>
  <testcase classname="User_HomepageTest" name="testC2318" time="13.424"/>
  <testcase classname="User_HomepageTest" name="testC2320" time="24.163"/>
  <testcase classname="User_HomepageTest" name="testC2321" time="20.316"/>
  <testcase classname="User_HomepageTest" name="testC2322" time="18.542"/>
  <testcase classname="User_HomepageTest" name="testC2323" time="12.361"/>
  <testcase classname="User_HomepageTest" name="testC2324" time="12.955"/>
  <testcase classname="User_HomepageTest" name="testC2325" time="12.292"/>
  <testcase classname="User_HomepageTest" name="testC2326" time="13.87"/>
  <testcase classname="User_PublishFolderTest" name="tesC2214" time="57.659"/>
  <testcase classname="User_PublishFolderTest" name="testC2207" time="76.075"/>
  <testcase classname="User_PublishFolderTest" name="testC2208" time="89.182"/>
  <testcase classname="User_PublishFolderTest" name="testC2209" time="97.934"/>
  <testcase classname="User_PublishFolderTest" name="testC2210" time="98.211">
    <failure type="org.openqa.selenium.TimeoutException" message="Expected condition failed: waiting for element to no longer be visible: By.cssSelector: [class=&amp;apos;fa fa-circle-o-notch fa-spin&amp;apos;] (tried for 5 second(s) with 500 MILLISECONDS interval)
Build info: version: &amp;apos;3.9.1&amp;apos;, revision: &amp;apos;63f7b50&amp;apos;, time: &amp;apos;2018-02-07T22:25:02.294Z&amp;apos;
System info: host: &amp;apos;SVROLP01518&amp;apos;, ip: &amp;apos;192.168.100.3&amp;apos;, os.name: &amp;apos;Windows 10&amp;apos;, os.arch: &amp;apos;amd64&amp;apos;, os.version: &amp;apos;10.0&amp;apos;, java.version: &amp;apos;11.0.3&amp;apos;
Driver info: org.openqa.selenium.firefox.FirefoxDriver
Capabilities {acceptInsecureCerts: true, browserName: firefox, browserVersion: 98.0.1, javascriptEnabled: true, moz:accessibilityChecks: false, moz:buildID: 20220313140707, moz:geckodriverVersion: 0.30.0, moz:headless: true, moz:processID: 23764, moz:profile: C:\Users\teodora.vermesan\A..., moz:shutdownTimeout: 60000, moz:useNonSpecCompliantPointerOrigin: false, moz:webdriverClick: true, pageLoadStrategy: normal, platform: WINDOWS, platformName: WINDOWS, platformVersion: 10.0, proxy: Proxy(), setWindowRect: true, strictFileInteractability: false, timeouts: {implicit: 0, pageLoad: 300000, script: 30000}, unhandledPromptBehavior: dismiss and notify}
Session ID: f936ad47-3779-48e3-8b3d-a43a5d43295f">
      <![CDATA[org.openqa.selenium.TimeoutException: Expected condition failed: waiting for element to no longer be visible: By.cssSelector: [class='fa fa-circle-o-notch fa-spin'] (tried for 5 second(s) with 500 MILLISECONDS interval)
Build info: version: '3.9.1', revision: '63f7b50', time: '2018-02-07T22:25:02.294Z'
System info: host: 'SVROLP01518', ip: '192.168.100.3', os.name: 'Windows 10', os.arch: 'amd64', os.version: '10.0', java.version: '11.0.3'
Driver info: org.openqa.selenium.firefox.FirefoxDriver
Capabilities {acceptInsecureCerts: true, browserName: firefox, browserVersion: 98.0.1, javascriptEnabled: true, moz:accessibilityChecks: false, moz:buildID: 20220313140707, moz:geckodriverVersion: 0.30.0, moz:headless: true, moz:processID: 23764, moz:profile: C:\Users\teodora.vermesan\A..., moz:shutdownTimeout: 60000, moz:useNonSpecCompliantPointerOrigin: false, moz:webdriverClick: true, pageLoadStrategy: normal, platform: WINDOWS, platformName: WINDOWS, platformVersion: 10.0, proxy: Proxy(), setWindowRect: true, strictFileInteractability: false, timeouts: {implicit: 0, pageLoad: 300000, script: 30000}, unhandledPromptBehavior: dismiss and notify}
Session ID: f936ad47-3779-48e3-8b3d-a43a5d43295f
at org.openqa.selenium.support.ui.WebDriverWait.timeoutException(WebDriverWait.java:82)
at org.openqa.selenium.support.ui.FluentWait.until(FluentWait.java:231)
at com.lessonplanet.pages.LpUiBasePage.waitUntilElementIsHidden(LpUiBasePage.java:472)
at com.lessonplanet.pages.EditFolder.waitUntilPublishFolderSectionIsNotDisplayed(EditFolder.java:555)
at User_PublishFolderTest.testPublishFolders(User_PublishFolderTest.java:189)
at User_PublishFolderTest.testAddResourcesToPublishCollection(User_PublishFolderTest.java:213)
at User_PublishFolderTest.testC2210(User_PublishFolderTest.java:64)
at java.base/java.util.ArrayList.forEach(ArrayList.java:1540)
at com.intellij.rt.testng.IDEARemoteTestNG.run(IDEARemoteTestNG.java:66)
at com.intellij.rt.testng.RemoteTestNGStarter.main(RemoteTestNGStarter.java:110)
... Removed 24 stack frames]]>
    </failure>
  </testcase> <!-- testC2210 -->
  <testcase classname="User_PublishFolderTest" name="testC2211" time="139.771"/>
  <testcase classname="User_PublishFolderTest" name="testC2212" time="144.668"/>
  <testcase classname="User_PublishFolderTest" name="testC2213" time="87.815"/>
  <testcase classname="User_PublishFolderTest" name="testC2216" time="148.492">
    <failure type="java.lang.AssertionError" message="expected [Private, Published] but found [Private]">
      <![CDATA[java.lang.AssertionError: expected [Private, Published] but found [Private]
at User_PublishFolderTest.testPublishFolders(User_PublishFolderTest.java:205)
at User_PublishFolderTest.createRequirementAndTestPublishFolders(User_PublishFolderTest.java:128)
at User_PublishFolderTest.testC2216(User_PublishFolderTest.java:94)
at java.base/java.util.ArrayList.forEach(ArrayList.java:1540)
at com.intellij.rt.testng.IDEARemoteTestNG.run(IDEARemoteTestNG.java:66)
at com.intellij.rt.testng.RemoteTestNGStarter.main(RemoteTestNGStarter.java:110)
... Removed 30 stack frames]]>
    </failure>
  </testcase> <!-- testC2216 -->
  <testcase classname="User_PublishFolderTest" name="testC2217" time="118.431"/>
  <testcase classname="User_PublishFolderTest" name="testC2218" time="116.078"/>
  <testcase classname="User_PublishFolderTest" name="testC2219" time="123.188">
    <failure type="org.openqa.selenium.TimeoutException" message="Expected condition failed: waiting for element to no longer be visible: By.cssSelector: [class=&amp;apos;fa fa-circle-o-notch fa-spin&amp;apos;] (tried for 5 second(s) with 500 MILLISECONDS interval)
Build info: version: &amp;apos;3.9.1&amp;apos;, revision: &amp;apos;63f7b50&amp;apos;, time: &amp;apos;2018-02-07T22:25:02.294Z&amp;apos;
System info: host: &amp;apos;SVROLP01518&amp;apos;, ip: &amp;apos;192.168.100.3&amp;apos;, os.name: &amp;apos;Windows 10&amp;apos;, os.arch: &amp;apos;amd64&amp;apos;, os.version: &amp;apos;10.0&amp;apos;, java.version: &amp;apos;11.0.3&amp;apos;
Driver info: org.openqa.selenium.firefox.FirefoxDriver
Capabilities {acceptInsecureCerts: true, browserName: firefox, browserVersion: 98.0.1, javascriptEnabled: true, moz:accessibilityChecks: false, moz:buildID: 20220313140707, moz:geckodriverVersion: 0.30.0, moz:headless: true, moz:processID: 28336, moz:profile: C:\Users\teodora.vermesan\A..., moz:shutdownTimeout: 60000, moz:useNonSpecCompliantPointerOrigin: false, moz:webdriverClick: true, pageLoadStrategy: normal, platform: WINDOWS, platformName: WINDOWS, platformVersion: 10.0, proxy: Proxy(), setWindowRect: true, strictFileInteractability: false, timeouts: {implicit: 0, pageLoad: 300000, script: 30000}, unhandledPromptBehavior: dismiss and notify}
Session ID: cda8079c-31b4-4cce-b4fb-92070ad07a00">
      <![CDATA[org.openqa.selenium.TimeoutException: Expected condition failed: waiting for element to no longer be visible: By.cssSelector: [class='fa fa-circle-o-notch fa-spin'] (tried for 5 second(s) with 500 MILLISECONDS interval)
Build info: version: '3.9.1', revision: '63f7b50', time: '2018-02-07T22:25:02.294Z'
System info: host: 'SVROLP01518', ip: '192.168.100.3', os.name: 'Windows 10', os.arch: 'amd64', os.version: '10.0', java.version: '11.0.3'
Driver info: org.openqa.selenium.firefox.FirefoxDriver
Capabilities {acceptInsecureCerts: true, browserName: firefox, browserVersion: 98.0.1, javascriptEnabled: true, moz:accessibilityChecks: false, moz:buildID: 20220313140707, moz:geckodriverVersion: 0.30.0, moz:headless: true, moz:processID: 28336, moz:profile: C:\Users\teodora.vermesan\A..., moz:shutdownTimeout: 60000, moz:useNonSpecCompliantPointerOrigin: false, moz:webdriverClick: true, pageLoadStrategy: normal, platform: WINDOWS, platformName: WINDOWS, platformVersion: 10.0, proxy: Proxy(), setWindowRect: true, strictFileInteractability: false, timeouts: {implicit: 0, pageLoad: 300000, script: 30000}, unhandledPromptBehavior: dismiss and notify}
Session ID: cda8079c-31b4-4cce-b4fb-92070ad07a00
at org.openqa.selenium.support.ui.WebDriverWait.timeoutException(WebDriverWait.java:82)
at org.openqa.selenium.support.ui.FluentWait.until(FluentWait.java:231)
at com.lessonplanet.pages.LpUiBasePage.waitUntilElementIsHidden(LpUiBasePage.java:472)
at com.lessonplanet.pages.EditFolder.waitUntilPublishFolderSectionIsNotDisplayed(EditFolder.java:555)
at User_PublishFolderTest.testPublishFolders(User_PublishFolderTest.java:189)
at User_PublishFolderTest.createRequirementAndTestPublishFolders(User_PublishFolderTest.java:128)
at User_PublishFolderTest.testC2219(User_PublishFolderTest.java:109)
at java.base/java.util.ArrayList.forEach(ArrayList.java:1540)
at com.intellij.rt.testng.IDEARemoteTestNG.run(IDEARemoteTestNG.java:66)
at com.intellij.rt.testng.RemoteTestNGStarter.main(RemoteTestNGStarter.java:110)
... Removed 24 stack frames]]>
    </failure>
  </testcase> <!-- testC2219 -->
  <testcase classname="User_PublishFolderTest" name="testC2220" time="212.835"/>
  <testcase classname="User_PublishFolderTest" name="testC2221" time="160.53"/>
  <testcase classname="User_SearchTest" name="testC2269" time="102.124"/>
  <testcase classname="User_SearchTest" name="testC2270" time="115.237"/>
  <testcase classname="User_SearchTest" name="testC2271" time="56.047"/>
  <testcase classname="User_SearchTest" name="testC2272" time="47.643"/>
  <testcase classname="User_SearchTest" name="testC2273" time="59.719"/>
  <testcase classname="User_SearchTest" name="testC2274" time="181.933"/>
  <testcase classname="User_SearchTest" name="testC2275" time="168.375"/>
  <testcase classname="User_SearchTest" name="testC2276" time="152.941"/>
  <testcase classname="User_RrpSearchTest" name="testC2277" time="56.63"/>
  <testcase classname="User_RrpSearchTest" name="testC2278" time="59.914"/>
  <testcase classname="User_RrpSearchTest" name="testC2279" time="65.518"/>
  <testcase classname="User_RrpSearchTest" name="testC2280" time="98.318"/>
  <testcase classname="User_RrpSearchTest" name="testC2281" time="94.989"/>
  <testcase classname="User_RrpSearchTest" name="testC2282" time="76.219"/>
  <testcase classname="User_RrpSearchTest" name="testC2283" time="32.852"/>
  <testcase classname="User_RrpSearchTest" name="testC2284" time="56.599"/>
  <testcase classname="User_RrpSearchTest" name="testC2285" time="34.423"/>
  <testcase classname="User_RrpSearchTest" name="testC2286" time="70.415"/>
  <testcase classname="User_RrpSearchTest" name="testC2287" time="52.088"/>
  <testcase classname="User_RrpSearchTest" name="testC2288" time="107.991"/>
  <testcase classname="User_RrpBrowseResourceDirectoryTest" name="testC2294" time="33.541"/>
  <testcase classname="User_RrpBrowseResourceDirectoryTest" name="testC2295" time="55.568"/>
  <testcase classname="User_RrpBrowseResourceDirectoryTest" name="testC2296" time="38.629"/>
  <testcase classname="User_RrpBrowseResourceDirectoryTest" name="testC2297" time="58.919"/>
  <testcase classname="User_RrpBrowseResourceDirectoryTest" name="testC3763" time="56.434"/>
  <testcase classname="User_RrpBrowseResourceDirectoryTest" name="testC3764" time="55.297"/>
  <testcase classname="User_RrpBrowseResourceDirectoryTest" name="testC3765" time="127.987"/>
  <testcase classname="User_RrpBrowseResourceDirectoryTest" name="testC3766" time="42.057"/>
  <testcase classname="User_EditFolderTest" name="testC2132" time="0.0">
    <ignored/>
  </testcase> <!-- testC2132 -->
  <testcase classname="User_HomepageTest" name="testC2104" time="0.0">
    <ignored/>
  </testcase> <!-- testC2104 -->
  <testcase classname="User_RrpSearchTest" name="testC2165" time="0.0">
    <ignored/>
  </testcase> <!-- testC2165 -->
  <testcase classname="User_BrowseResourceDirectory_MainPageTest" name="testC2057" time="0.0">
    <ignored/>
  </testcase> <!-- testC2057 -->
  <testcase classname="User_HeaderTest" name="testC2048" time="0.0">
    <ignored/>
  </testcase> <!-- testC2048 -->
  <testcase classname="User_RrpSearchTest" name="testC2171" time="0.0">
    <ignored/>
  </testcase> <!-- testC2171 -->
  <testcase classname="User_RrpBrowseResourceDirectoryTest" name="testC3759" time="0.0">
    <ignored/>
  </testcase> <!-- testC3759 -->
  <testcase classname="User_RrpBrowseResourceDirectoryTest" name="testC2065" time="0.0">
    <ignored/>
  </testcase> <!-- testC2065 -->
  <testcase classname="User_BrowseResourceDirectory_SubjectsTest" name="testC2064" time="0.0">
    <ignored/>
  </testcase> <!-- testC2064 -->
  <testcase classname="User_HomepageTest" name="testC2201" time="0.0">
    <ignored/>
  </testcase> <!-- testC2201 -->
  <testcase classname="User_CurriculumManagerPageTest" name="testC2114" time="0.0">
    <ignored/>
  </testcase> <!-- testC2114 -->
  <testcase classname="User_CurriculumManagerPageTest" name="testC2124" time="0.0">
    <ignored/>
  </testcase> <!-- testC2124 -->
  <testcase classname="User_SearchTest" name="testC2147" time="0.0">
    <ignored/>
  </testcase> <!-- testC2147 -->
  <testcase classname="User_SearchTest" name="testC2078" time="0.0">
    <ignored/>
  </testcase> <!-- testC2078 -->
  <testcase classname="User_FooterTest" name="testC2140" time="0.0">
    <ignored/>
  </testcase> <!-- testC2140 -->
  <testcase classname="User_HomepageTest" name="testC2319" time="0.0">
    <ignored/>
  </testcase> <!-- testC2319 -->
  <testcase classname="User_SearchTest" name="testC2154" time="0.0">
    <ignored/>
  </testcase> <!-- testC2154 -->
  <testcase classname="User_SearchTest" name="testC2081" time="0.0">
    <ignored/>
  </testcase> <!-- testC2081 -->
  <testcase classname="User_HomepageTest" name="testC2197" time="0.0">
    <ignored/>
  </testcase> <!-- testC2197 -->
  <testcase classname="User_SearchTest" name="testC2073" time="0.0">
    <ignored/>
  </testcase> <!-- testC2073 -->
  <testcase classname="User_RrpSearchTest" name="testC2090" time="0.0">
    <ignored/>
  </testcase> <!-- testC2090 -->
  <testcase classname="User_CollectionPlayerTest" name="testC2192" time="0.0">
    <ignored/>
  </testcase> <!-- testC2192 -->
  <testcase classname="User_RrpBrowseResourceDirectoryTest" name="testC2070" time="0.0">
    <ignored/>
  </testcase> <!-- testC2070 -->
  <testcase classname="User_EditFolderTest" name="testC2131" time="0.0">
    <ignored/>
  </testcase> <!-- testC2131 -->
  <testcase classname="User_RrpSearchTest" name="testC2164" time="0.0">
    <ignored/>
  </testcase> <!-- testC2164 -->
  <testcase classname="User_RrpBrowseResourceDirectoryTest" name="testC2066" time="0.0">
    <ignored/>
  </testcase> <!-- testC2066 -->
  <testcase classname="User_CurriculumManagerPageTest" name="testC2115" time="0.0">
    <ignored/>
  </testcase> <!-- testC2115 -->
  <testcase classname="User_RrpSearchTest" name="testC2093" time="0.0">
    <ignored/>
  </testcase> <!-- testC2093 -->
  <testcase classname="User_HomepageTest" name="testC2103" time="0.0">
    <ignored/>
  </testcase> <!-- testC2103 -->
  <testcase classname="User_BrowseResourceDirectory_SubjectsTest" name="testC2063" time="0.0">
    <ignored/>
  </testcase> <!-- testC2063 -->
  <testcase classname="User_CurriculumManagerPageTest" name="testC2125" time="0.0">
    <ignored/>
  </testcase> <!-- testC2125 -->
  <testcase classname="User_HomepageTest" name="testC2200" time="0.0">
    <ignored/>
  </testcase> <!-- testC2200 -->
  <testcase classname="User_RrpBrowseResourceDirectoryTest" name="testC3762" time="0.0">
    <ignored/>
  </testcase> <!-- testC3762 -->
  <testcase classname="User_FooterTest" name="testC2141" time="0.0">
    <ignored/>
  </testcase> <!-- testC2141 -->
  <testcase classname="User_FooterTest" name="testC2054" time="0.0">
    <ignored/>
  </testcase> <!-- testC2054 -->
  <testcase classname="User_SearchTest" name="testC2153" time="0.0">
    <ignored/>
  </testcase> <!-- testC2153 -->
  <testcase classname="User_HomepageTest" name="testC2099" time="0.0">
    <ignored/>
  </testcase> <!-- testC2099 -->
  <testcase classname="User_SearchTest" name="testC2084" time="0.0">
    <ignored/>
  </testcase> <!-- testC2084 -->
  <testcase classname="User_HomepageTest" name="testC2196" time="0.0">
    <ignored/>
  </testcase> <!-- testC2196 -->
  <testcase classname="User_CollectionBuilderTest" name="testC2135" time="0.0">
    <ignored/>
  </testcase> <!-- testC2135 -->
  <testcase classname="User_RrpBrowseResourceDirectoryTest" name="testC2071" time="0.0">
    <ignored/>
  </testcase> <!-- testC2071 -->
  <testcase classname="User_ArticlesTest" name="testC2188" time="0.0">
    <ignored/>
  </testcase> <!-- testC2188 -->
  <testcase classname="User_HomepageTest" name="testC2106" time="0.0">
    <ignored/>
  </testcase> <!-- testC2106 -->
  <testcase classname="User_RrpBrowseResourceDirectoryTest" name="testC2180" time="0.0">
    <ignored/>
  </testcase> <!-- testC2180 -->
  <testcase classname="User_BrowseResourceDirectory_SubjectsTest" name="testC2059" time="0.0">
    <ignored/>
  </testcase> <!-- testC2059 -->
  <testcase classname="User_HomepageTest" name="testC2203" time="0.0">
    <ignored/>
  </testcase> <!-- testC2203 -->
  <testcase classname="User_RrpSearchTest" name="testC2096" time="0.0">
    <ignored/>
  </testcase> <!-- testC2096 -->
  <testcase classname="User_RrpSearchTest" name="testC2163" time="0.0">
    <ignored/>
  </testcase> <!-- testC2163 -->
  <testcase classname="User_BrowseResourceDirectory_SubjectsTest" name="testC2062" time="0.0">
    <ignored/>
  </testcase> <!-- testC2062 -->
  <testcase classname="User_CurriculumManagerPageTest" name="testC2112" time="0.0">
    <ignored/>
  </testcase> <!-- testC2112 -->
  <testcase classname="User_CurriculumManagerPageTest" name="testC2122" time="0.0">
    <ignored/>
  </testcase> <!-- testC2122 -->
  <testcase classname="User_SearchTest" name="testC2148" time="0.0">
    <ignored/>
  </testcase> <!-- testC2148 -->
  <testcase classname="User_RrpBrowseResourceDirectoryTest" name="testC3761" time="0.0">
    <ignored/>
  </testcase> <!-- testC3761 -->
  <testcase classname="User_FooterTest" name="tesC2048" time="0.0">
    <ignored/>
  </testcase> <!-- tesC2048 -->
  <testcase classname="User_FooterTest" name="testC2051" time="0.0">
    <ignored/>
  </testcase> <!-- testC2051 -->
  <testcase classname="User_SearchTest" name="testC2149" time="0.0">
    <ignored/>
  </testcase> <!-- testC2149 -->
  <testcase classname="User_FooterTest" name="testC2142" time="0.0">
    <ignored/>
  </testcase> <!-- testC2142 -->
  <testcase classname="User_CollectionPlayerTest" name="testC2194" time="0.0">
    <ignored/>
  </testcase> <!-- testC2194 -->
  <testcase classname="User_FooterTest" name="testC2049" time="0.0">
    <ignored/>
  </testcase> <!-- testC2049 -->
  <testcase classname="User_RrpBrowseResourceDirectoryTest" name="testC2067" time="0.0">
    <ignored/>
  </testcase> <!-- testC2067 -->
  <testcase classname="User_SearchTest" name="testC2083" time="0.0">
    <ignored/>
  </testcase> <!-- testC2083 -->
  <testcase classname="User_HeaderTest" name="testC2046" time="0.0">
    <ignored/>
  </testcase> <!-- testC2046 -->
  <testcase classname="User_SearchTest" name="testC2075" time="0.0">
    <ignored/>
  </testcase> <!-- testC2075 -->
  <testcase classname="User_ArticlesTest" name="testC2189" time="0.0">
    <ignored/>
  </testcase> <!-- testC2189 -->
  <testcase classname="User_RrpBrowseResourceDirectoryTest" name="testC2181" time="0.0">
    <ignored/>
  </testcase> <!-- testC2181 -->
  <testcase classname="User_HomepageTest" name="testC2105" time="0.0">
    <ignored/>
  </testcase> <!-- testC2105 -->
  <testcase classname="User_RrpBrowseResourceDirectoryTest" name="testC2072" time="0.0">
    <ignored/>
  </testcase> <!-- testC2072 -->
  <testcase classname="User_RrpSearchTest" name="testC2162" time="0.0">
    <ignored/>
  </testcase> <!-- testC2162 -->
  <testcase classname="User_RrpSearchTest" name="testC2172" time="0.0">
    <ignored/>
  </testcase> <!-- testC2172 -->
  <testcase classname="User_BrowseResourceDirectory_SubjectsTest" name="testC2061" time="0.0">
    <ignored/>
  </testcase> <!-- testC2061 -->
  <testcase classname="User_CurriculumManagerPageTest" name="testC2123" time="0.0">
    <ignored/>
  </testcase> <!-- testC2123 -->
  <testcase classname="User_RrpSearchTest" name="testC2159" time="0.0">
    <ignored/>
  </testcase> <!-- testC2159 -->
  <testcase classname="User_CurriculumManagerPageTest" name="testC2056" time="0.0">
    <ignored/>
  </testcase> <!-- testC2056 -->
  <testcase classname="User_HomepageTest" name="testC2202" time="0.0">
    <ignored/>
  </testcase> <!-- testC2202 -->
  <testcase classname="User_CurriculumManagerPageTest" name="testC2113" time="0.0">
    <ignored/>
  </testcase> <!-- testC2113 -->
  <testcase classname="User_CalendarTest" name="testC2043" time="0.0">
    <ignored/>
  </testcase> <!-- testC2043 -->
  <testcase classname="User_RrpSearchTest" name="testC2089" time="0.0">
    <ignored/>
  </testcase> <!-- testC2089 -->
  <testcase classname="User_RrpBrowseResourceDirectoryTest" name="testC3760" time="0.0">
    <ignored/>
  </testcase> <!-- testC3760 -->
  <testcase classname="User_SearchTest" name="testC2074" time="0.0">
    <ignored/>
  </testcase> <!-- testC2074 -->
  <testcase classname="User_FooterTest" name="testC2143" time="0.0">
    <ignored/>
  </testcase> <!-- testC2143 -->
  <testcase classname="User_SearchTest" name="testC2156" time="0.0">
    <ignored/>
  </testcase> <!-- testC2156 -->
  <testcase classname="User_HomepageTest" name="testC2110" time="0.0">
    <ignored/>
  </testcase> <!-- testC2110 -->
  <testcase classname="User_HomepageTest" name="testC2198" time="0.0">
    <ignored/>
  </testcase> <!-- testC2198 -->
  <testcase classname="User_RrpBrowseResourceDirectoryTest" name="testC2068" time="0.0">
    <ignored/>
  </testcase> <!-- testC2068 -->
  <testcase classname="User_RrpSearchTest" name="testC2091" time="0.0">
    <ignored/>
  </testcase> <!-- testC2091 -->
  <testcase classname="User_CollectionPlayerTest" name="testC2191" time="0.0">
    <ignored/>
  </testcase> <!-- testC2191 -->
  <testcase classname="User_BrowseResourceDirectory_SubjectsTest" name="testC2178" time="0.0">
    <ignored/>
  </testcase> <!-- testC2178 -->
  <testcase classname="User_HomepageTest" name="testC2205" time="0.0">
    <ignored/>
  </testcase> <!-- testC2205 -->
  <testcase classname="User_RrpSearchTest" name="testC2088" time="0.0">
    <ignored/>
  </testcase> <!-- testC2088 -->
  <testcase classname="User_RrpBrowseResourceDirectoryTest" name="testC2182" time="0.0">
    <ignored/>
  </testcase> <!-- testC2182 -->
  <testcase classname="User_RrpSearchTest" name="testC2094" time="0.0">
    <ignored/>
  </testcase> <!-- testC2094 -->
  <testcase classname="User_RrpSearchTest" name="testC2161" time="0.0">
    <ignored/>
  </testcase> <!-- testC2161 -->
  <testcase classname="User_BrowseResourceDirectory_SubjectsTest" name="testC2060" time="0.0">
    <ignored/>
  </testcase> <!-- testC2060 -->
  <testcase classname="User_CurriculumManagerPageTest" name="testC2118" time="0.0">
    <ignored/>
  </testcase> <!-- testC2118 -->
  <testcase classname="User_CurriculumManagerPageTest" name="testC2128" time="0.0">
    <ignored/>
  </testcase> <!-- testC2128 -->
  <testcase classname="User_ArticlesTest" name="testC2097" time="0.0">
    <ignored/>
  </testcase> <!-- testC2097 -->
  <testcase classname="User_RrpSearchTest" name="testC2168" time="0.0">
    <ignored/>
  </testcase> <!-- testC2168 -->
  <testcase classname="User_HomepageTest" name="testC2100" time="0.0">
    <ignored/>
  </testcase> <!-- testC2100 -->
  <testcase classname="User_RrpSearchTest" name="testC2158" time="0.0">
    <ignored/>
  </testcase> <!-- testC2158 -->
  <testcase classname="User_BrowseResourceDirectory_MainPageTest" name="testC2187" time="0.0">
    <ignored/>
  </testcase> <!-- testC2187 -->
  <testcase classname="User_FooterTest" name="testC2053" time="0.0">
    <ignored/>
  </testcase> <!-- testC2053 -->
  <testcase classname="User_SearchTest" name="testC2155" time="0.0">
    <ignored/>
  </testcase> <!-- testC2155 -->
  <testcase classname="User_CollectionBuilderTest" name="testC2045" time="0.0">
    <ignored/>
  </testcase> <!-- testC2045 -->
  <testcase classname="User_CurriculumManagerPageTest" name="testC2120" time="0.0">
    <ignored/>
  </testcase> <!-- testC2120 -->
  <testcase classname="User_SearchTest" name="testC2077" time="0.0">
    <ignored/>
  </testcase> <!-- testC2077 -->
  <testcase classname="User_FooterTest" name="testC2144" time="0.0">
    <ignored/>
  </testcase> <!-- testC2144 -->
  <testcase classname="User_HomepageTest" name="testC2109" time="0.0">
    <ignored/>
  </testcase> <!-- testC2109 -->
  <testcase classname="User_SearchTest" name="testC2150" time="0.0">
    <ignored/>
  </testcase> <!-- testC2150 -->
  <testcase classname="User_RrpBrowseResourceDirectoryTest" name="testC2069" time="0.0">
    <ignored/>
  </testcase> <!-- testC2069 -->
  <testcase classname="User_HomepageTest" name="testC2107" time="0.0">
    <ignored/>
  </testcase> <!-- testC2107 -->
  <testcase classname="User_BrowseResourceDirectory_SubjectsTest" name="testC2177" time="0.0">
    <ignored/>
  </testcase> <!-- testC2177 -->
  <testcase classname="User_RrpSearchTest" name="testC2087" time="0.0">
    <ignored/>
  </testcase> <!-- testC2087 -->
  <testcase classname="User_HomepageTest" name="testC2204" time="0.0">
    <ignored/>
  </testcase> <!-- testC2204 -->
  <testcase classname="User_CurriculumManagerPageTest" name="testC2119" time="0.0">
    <ignored/>
  </testcase> <!-- testC2119 -->
  <testcase classname="User_RrpSearchTest" name="testC2160" time="0.0">
    <ignored/>
  </testcase> <!-- testC2160 -->
  <testcase classname="User_CollectionBuilderTest" name="testC2044" time="0.0">
    <ignored/>
  </testcase> <!-- testC2044 -->
  <testcase classname="User_RrpSearchTest" name="testC2170" time="0.0">
    <ignored/>
  </testcase> <!-- testC2170 -->
  <testcase classname="User_EditFolderTest" name="testC2129" time="0.0">
    <ignored/>
  </testcase> <!-- testC2129 -->
  <testcase classname="User_BrowseResourceDirectory_SubjectsTest" name="testC2176" time="0.0">
    <ignored/>
  </testcase> <!-- testC2176 -->
  <testcase classname="User_ArticlesTest" name="testC2098" time="0.0">
    <ignored/>
  </testcase> <!-- testC2098 -->
  <testcase classname="User_HomepageTest" name="testC2111" time="0.0">
    <ignored/>
  </testcase> <!-- testC2111 -->
  <testcase classname="User_HomepageTest" name="testC2199" time="0.0">
    <ignored/>
  </testcase> <!-- testC2199 -->
  <testcase classname="User_CurriculumManagerPageTest" name="testC2121" time="0.0">
    <ignored/>
  </testcase> <!-- testC2121 -->
  <testcase classname="User_BrowseResourceDirectory_MainPageTest" name="testC2186" time="0.0">
    <ignored/>
  </testcase> <!-- testC2186 -->
  <testcase classname="User_FooterTest" name="testC2050" time="0.0">
    <ignored/>
  </testcase> <!-- testC2050 -->
  <testcase classname="User_SearchTest" name="testC2076" time="0.0">
    <ignored/>
  </testcase> <!-- testC2076 -->
  <testcase classname="User_FooterTest" name="testC2145" time="0.0">
    <ignored/>
  </testcase> <!-- testC2145 -->
  <testcase classname="User_HomepageTest" name="testC2108" time="0.0">
    <ignored/>
  </testcase> <!-- testC2108 -->
  <testcase classname="User_RrpBrowseResourceDirectoryTest" name="testC2179" time="0.0">
    <ignored/>
  </testcase> <!-- testC2179 -->
  <testcase classname="User_FooterTest" name="testC2139" time="0.0">
    <ignored/>
  </testcase> <!-- testC2139 -->
  <testcase classname="User_SearchTest" name="testC2080" time="0.0">
    <ignored/>
  </testcase> <!-- testC2080 -->
  <testcase classname="User_RrpSearchTest" name="testC2173" time="0.0">
    <ignored/>
  </testcase> <!-- testC2173 -->
  <testcase classname="User_EditFolderTest" name="testC2130" time="0.0">
    <ignored/>
  </testcase> <!-- testC2130 -->
  <testcase classname="User_RrpSearchTest" name="testC2086" time="0.0">
    <ignored/>
  </testcase> <!-- testC2086 -->
  <testcase classname="User_CurriculumManagerPageTest" name="testC2116" time="0.0">
    <ignored/>
  </testcase> <!-- testC2116 -->
  <testcase classname="User_RrpSearchTest" name="testC2092" time="0.0">
    <ignored/>
  </testcase> <!-- testC2092 -->
  <testcase classname="User_CurriculumManagerPageTest" name="testC2126" time="0.0">
    <ignored/>
  </testcase> <!-- testC2126 -->
  <testcase classname="User_BrowseResourceDirectory_MainPageTest" name="testC2184" time="0.0">
    <ignored/>
  </testcase> <!-- testC2184 -->
  <testcase classname="User_HomepageTest" name="testC2102" time="0.0">
    <ignored/>
  </testcase> <!-- testC2102 -->
  <testcase classname="User_BrowseResourceDirectory_SubjectsTest" name="testC2175" time="0.0">
    <ignored/>
  </testcase> <!-- testC2175 -->
  <testcase classname="User_RrpSearchTest" name="testC2167" time="0.0">
    <ignored/>
  </testcase> <!-- testC2167 -->
  <testcase classname="User_CollectionBuilderTest" name="testC2134" time="0.0">
    <ignored/>
  </testcase> <!-- testC2134 -->
  <testcase classname="User_BrowseResourceDirectory_MainPageTest" name="testC2185" time="0.0">
    <ignored/>
  </testcase> <!-- testC2185 -->
  <testcase classname="User_SearchTest" name="testC2157" time="0.0">
    <ignored/>
  </testcase> <!-- testC2157 -->
  <testcase classname="User_FooterTest" name="testC2055" time="0.0">
    <ignored/>
  </testcase> <!-- testC2055 -->
  <testcase classname="User_FooterTest" name="testC2146" time="0.0">
    <ignored/>
  </testcase> <!-- testC2146 -->
  <testcase classname="User_SearchTest" name="testC2152" time="0.0">
    <ignored/>
  </testcase> <!-- testC2152 -->
  <testcase classname="User_HomepageTest" name="testC2195" time="0.0">
    <ignored/>
  </testcase> <!-- testC2195 -->
  <testcase classname="User_HeaderTest" name="testC2139" time="0.0">
    <ignored/>
  </testcase> <!-- testC2139 -->
  <testcase classname="User_HomepageTest" name="testC2206" time="0.0">
    <ignored/>
  </testcase> <!-- testC2206 -->
  <testcase classname="User_BrowseResourceDirectory_MainPageTest" name="testC2058" time="0.0">
    <ignored/>
  </testcase> <!-- testC2058 -->
  <testcase classname="User_HomepageTest" name="testC2194" time="0.0">
    <ignored/>
  </testcase> <!-- testC2194 -->
  <testcase classname="User_RrpSearchTest" name="testC2085" time="0.0">
    <ignored/>
  </testcase> <!-- testC2085 -->
  <testcase classname="User_RrpSearchTest" name="testC2095" time="0.0">
    <ignored/>
  </testcase> <!-- testC2095 -->
  <testcase classname="User_CurriculumManagerPageTest" name="testC2127" time="0.0">
    <ignored/>
  </testcase> <!-- testC2127 -->
  <testcase classname="User_CurriculumManagerPageTest" name="testC2117" time="0.0">
    <ignored/>
  </testcase> <!-- testC2117 -->
  <testcase classname="User_BrowseResourceDirectory_MainPageTest" name="testC2183" time="0.0">
    <ignored/>
  </testcase> <!-- testC2183 -->
  <testcase classname="User_BrowseResourceDirectory_SubjectsTest" name="testC2174" time="0.0">
    <ignored/>
  </testcase> <!-- testC2174 -->
  <testcase classname="User_HomepageTest" name="testC2101" time="0.0">
    <ignored/>
  </testcase> <!-- testC2101 -->
  <testcase classname="User_RrpSearchTest" name="testC2169" time="0.0">
    <ignored/>
  </testcase> <!-- testC2169 -->
  <testcase classname="User_RrpSearchTest" name="testC2166" time="0.0">
    <ignored/>
  </testcase> <!-- testC2166 -->
  <testcase classname="User_FooterTest" name="testC2052" time="0.0">
    <ignored/>
  </testcase> <!-- testC2052 -->
  <testcase classname="User_SearchTest" name="testC2151" time="0.0">
    <ignored/>
  </testcase> <!-- testC2151 -->
  <testcase classname="User_CalendarTest" name="testC2190" time="0.0">
    <ignored/>
  </testcase> <!-- testC2190 -->
  <testcase classname="User_SearchTest" name="testC2079" time="0.0">
    <ignored/>
  </testcase> <!-- testC2079 -->
  <testcase classname="User_HeaderTest" name="testC2138" time="0.0">
    <ignored/>
  </testcase> <!-- testC2138 -->
  <testcase classname="User_SearchTest" name="testC2082" time="0.0">
    <ignored/>
  </testcase> <!-- testC2082 -->
</testsuite> <!-- Active User Tests -->
